#
# There is insufficient memory for the Java Runtime Environment to continue.
# Native memory allocation (malloc) failed to allocate 2153776 bytes for Chunk::new
# Possible reasons:
#   The system is out of physical RAM or swap space
#   The process is running with CompressedOops enabled, and the Java Heap may be blocking the growth of the native heap
# Possible solutions:
#   Reduce memory load on the system
#   Increase physical memory or swap space
#   Check if swap backing store is full
#   Decrease Java heap size (-Xmx/-Xms)
#   Decrease number of Java threads
#   Decrease Java thread stack sizes (-Xss)
#   Set larger code cache with -XX:ReservedCodeCacheSize=
#   JVM is running with Unscaled Compressed Oops mode in which the Java heap is
#     placed in the first 4GB address space. The Java Heap base address is the
#     maximum limit for the native heap growth. Please use -XX:HeapBaseMinAddress
#     to set the Java Heap base and to place the Java Heap above 4GB virtual address.
# This output file may be truncated or incomplete.
#
#  Out of Memory Error (arena.cpp:189), pid=15476, tid=15888
#
# JRE version: OpenJDK Runtime Environment (17.0.6) (build 17.0.6+0-b2043.56-9586694)
# Java VM: OpenJDK 64-Bit Server VM (17.0.6+0-b2043.56-9586694, mixed mode, tiered, compressed oops, compressed class ptrs, g1 gc, windows-amd64)
# No core dump will be written. Minidumps are not enabled by default on client versions of Windows
#

---------------  S U M M A R Y ------------

Command Line: --add-opens=java.base/java.util=ALL-UNNAMED --add-opens=java.base/java.lang=ALL-UNNAMED --add-opens=java.base/java.lang.invoke=ALL-UNNAMED --add-opens=java.prefs/java.util.prefs=ALL-UNNAMED --add-opens=java.base/java.nio.charset=ALL-UNNAMED --add-opens=java.base/java.net=ALL-UNNAMED --add-opens=java.base/java.util.concurrent.atomic=ALL-UNNAMED -Xmx2048m -Dfile.encoding=UTF-8 -Duser.country=US -Duser.language=en -Duser.variant org.gradle.launcher.daemon.bootstrap.GradleDaemon 8.0

Host: 12th Gen Intel(R) Core(TM) i7-12650H, 16 cores, 7G,  Windows 11 , 64 bit Build 22621 (10.0.22621.1778)
Time: Wed Jun 28 12:59:41 2023 SE Asia Standard Time elapsed time: 71.604245 seconds (0d 0h 1m 11s)

---------------  T H R E A D  ---------------

Current thread (0x00000188ff0567d0):  JavaThread "C2 CompilerThread0" daemon [_thread_in_native, id=15888, stack(0x0000004ad2200000,0x0000004ad2300000)]


Current CompileTask:
C2:  71604 21639       4       org.gradle.internal.service.DefaultServiceRegistry$ClassInspector::getDetailsForClass (50 bytes)

Stack: [0x0000004ad2200000,0x0000004ad2300000]
Native frames: (J=compiled Java code, j=interpreted, Vv=VM code, C=native code)
V  [jvm.dll+0x683b4a]
V  [jvm.dll+0x842654]
V  [jvm.dll+0x843dfe]
V  [jvm.dll+0x844463]
V  [jvm.dll+0x249b75]
V  [jvm.dll+0xabcac]
V  [jvm.dll+0xac27c]
V  [jvm.dll+0x368802]
V  [jvm.dll+0x332f31]
V  [jvm.dll+0x3323da]
V  [jvm.dll+0x21c201]
V  [jvm.dll+0x21b621]
V  [jvm.dll+0x1a4fdd]
V  [jvm.dll+0x22b098]
V  [jvm.dll+0x229159]
V  [jvm.dll+0x7f809c]
V  [jvm.dll+0x7f25fa]
V  [jvm.dll+0x682985]
C  [ucrtbase.dll+0x29363]
C  [KERNEL32.DLL+0x126ad]
C  [ntdll.dll+0x5a9f8]


---------------  P R O C E S S  ---------------

Threads class SMR info:
_java_thread_list=0x0000018888eebe20, length=67, elements={
0x00000188e3d57210, 0x00000188ff036270, 0x00000188ff036e20, 0x00000188ff01d5e0,
0x00000188ff01e0a0, 0x00000188ff01f060, 0x00000188ff021a20, 0x00000188ff0567d0,
0x00000188ff058280, 0x00000188ff058c70, 0x00000188ff204160, 0x00000188ff208650,
0x0000018882a66820, 0x000001888058be00, 0x0000018880474ff0, 0x000001888070f530,
0x00000188822eb030, 0x0000018880c35960, 0x0000018880c35e30, 0x0000018880c36300,
0x0000018884fe92b0, 0x0000018884fea120, 0x0000018884fea5f0, 0x0000018884fec2d0,
0x0000018884feb930, 0x0000018884fec7a0, 0x00000188833a40a0, 0x00000188833a1550,
0x00000188833a53e0, 0x000001888580d6f0, 0x000001888580e090, 0x00000188858110b0,
0x000001888580e560, 0x000001888580ba10, 0x0000018885810710, 0x000001888580cd50,
0x000001888580bee0, 0x00000188858123f0, 0x000001888580ea30, 0x000001888580b540,
0x0000018885811f20, 0x0000018888fadea0, 0x0000018882fef3f0, 0x00000188873cda20,
0x00000188ffaa5290, 0x0000018882421e90, 0x000001888c84ee40, 0x0000018883784780,
0x0000018882447750, 0x0000018882ac87e0, 0x000001888b16ab50, 0x00000188ff7ca2f0,
0x00000188835928f0, 0x0000018882ac8cb0, 0x0000018883593290, 0x00000188873cd550,
0x00000188835724d0, 0x0000018883591a80, 0x0000018883592dc0, 0x0000018883591f50,
0x0000018883592420, 0x0000018888ca1090, 0x0000018888c9e540, 0x0000018888c9f3b0,
0x00000188879e26d0, 0x000001888b99df60, 0x00000188873cd080
}

Java Threads: ( => current thread )
  0x00000188e3d57210 JavaThread "main" [_thread_blocked, id=3208, stack(0x0000004ad1500000,0x0000004ad1600000)]
  0x00000188ff036270 JavaThread "Reference Handler" daemon [_thread_blocked, id=4820, stack(0x0000004ad1c00000,0x0000004ad1d00000)]
  0x00000188ff036e20 JavaThread "Finalizer" daemon [_thread_blocked, id=5920, stack(0x0000004ad1d00000,0x0000004ad1e00000)]
  0x00000188ff01d5e0 JavaThread "Signal Dispatcher" daemon [_thread_blocked, id=11604, stack(0x0000004ad1e00000,0x0000004ad1f00000)]
  0x00000188ff01e0a0 JavaThread "Attach Listener" daemon [_thread_blocked, id=18040, stack(0x0000004ad1f00000,0x0000004ad2000000)]
  0x00000188ff01f060 JavaThread "Service Thread" daemon [_thread_blocked, id=7476, stack(0x0000004ad2000000,0x0000004ad2100000)]
  0x00000188ff021a20 JavaThread "Monitor Deflation Thread" daemon [_thread_blocked, id=8256, stack(0x0000004ad2100000,0x0000004ad2200000)]
=>0x00000188ff0567d0 JavaThread "C2 CompilerThread0" daemon [_thread_in_native, id=15888, stack(0x0000004ad2200000,0x0000004ad2300000)]
  0x00000188ff058280 JavaThread "C1 CompilerThread0" daemon [_thread_in_vm, id=10280, stack(0x0000004ad2300000,0x0000004ad2400000)]
  0x00000188ff058c70 JavaThread "Sweeper thread" daemon [_thread_blocked, id=17740, stack(0x0000004ad2400000,0x0000004ad2500000)]
  0x00000188ff204160 JavaThread "Common-Cleaner" daemon [_thread_blocked, id=976, stack(0x0000004ad2700000,0x0000004ad2800000)]
  0x00000188ff208650 JavaThread "Notification Thread" daemon [_thread_blocked, id=932, stack(0x0000004ad2800000,0x0000004ad2900000)]
  0x0000018882a66820 JavaThread "Daemon health stats" [_thread_blocked, id=10320, stack(0x0000004ad3100000,0x0000004ad3200000)]
  0x000001888058be00 JavaThread "Incoming local TCP Connector on port 52371" [_thread_in_native, id=14092, stack(0x0000004ad3200000,0x0000004ad3300000)]
  0x0000018880474ff0 JavaThread "Daemon periodic checks" [_thread_blocked, id=6004, stack(0x0000004ad3300000,0x0000004ad3400000)]
  0x000001888070f530 JavaThread "Daemon" [_thread_blocked, id=7912, stack(0x0000004ad3400000,0x0000004ad3500000)]
  0x00000188822eb030 JavaThread "Daemon worker" [_thread_in_native, id=6408, stack(0x0000004ad3700000,0x0000004ad3800000)]
  0x0000018880c35960 JavaThread "Cache worker for journal cache (C:\Users\hungb\.gradle\caches\journal-1)" [_thread_blocked, id=1600, stack(0x0000004ad4500000,0x0000004ad4600000)]
  0x0000018880c35e30 JavaThread "File lock request listener" [_thread_in_native, id=2856, stack(0x0000004ad4600000,0x0000004ad4700000)]
  0x0000018880c36300 JavaThread "Cache worker for file hash cache (C:\Users\hungb\.gradle\caches\8.0\fileHashes)" [_thread_blocked, id=1556, stack(0x0000004ad4700000,0x0000004ad4800000)]
  0x0000018884fe92b0 JavaThread "File watcher server" daemon [_thread_in_native, id=17216, stack(0x0000004ad4800000,0x0000004ad4900000)]
  0x0000018884fea120 JavaThread "File watcher consumer" daemon [_thread_blocked, id=4644, stack(0x0000004ad4900000,0x0000004ad4a00000)]
  0x0000018884fea5f0 JavaThread "Cache worker for file content cache (C:\Users\hungb\.gradle\caches\8.0\fileContent)" [_thread_blocked, id=15056, stack(0x0000004ad4c00000,0x0000004ad4d00000)]
  0x0000018884fec2d0 JavaThread "Cache worker for execution history cache (C:\Users\hungb\.gradle\caches\8.0\executionHistory)" [_thread_blocked, id=16664, stack(0x0000004ad4f00000,0x0000004ad5000000)]
  0x0000018884feb930 JavaThread "jar transforms" [_thread_blocked, id=13404, stack(0x0000004ad5000000,0x0000004ad5100000)]
  0x0000018884fec7a0 JavaThread "jar transforms Thread 2" [_thread_blocked, id=3972, stack(0x0000004ad5100000,0x0000004ad5200000)]
  0x00000188833a40a0 JavaThread "jar transforms Thread 3" [_thread_blocked, id=18328, stack(0x0000004ad5200000,0x0000004ad5300000)]
  0x00000188833a1550 JavaThread "jar transforms Thread 4" [_thread_blocked, id=9092, stack(0x0000004ad5300000,0x0000004ad5400000)]
  0x00000188833a53e0 JavaThread "jar transforms Thread 5" [_thread_blocked, id=6576, stack(0x0000004ad5500000,0x0000004ad5600000)]
  0x000001888580d6f0 JavaThread "jar transforms Thread 6" [_thread_blocked, id=11528, stack(0x0000004add200000,0x0000004add300000)]
  0x000001888580e090 JavaThread "jar transforms Thread 7" [_thread_blocked, id=2480, stack(0x0000004add300000,0x0000004add400000)]
  0x00000188858110b0 JavaThread "jar transforms Thread 8" [_thread_blocked, id=11172, stack(0x0000004add400000,0x0000004add500000)]
  0x000001888580e560 JavaThread "jar transforms Thread 9" [_thread_blocked, id=4608, stack(0x0000004add500000,0x0000004add600000)]
  0x000001888580ba10 JavaThread "jar transforms Thread 10" [_thread_blocked, id=14724, stack(0x0000004add600000,0x0000004add700000)]
  0x0000018885810710 JavaThread "jar transforms Thread 11" [_thread_blocked, id=2940, stack(0x0000004add700000,0x0000004add800000)]
  0x000001888580cd50 JavaThread "jar transforms Thread 12" [_thread_blocked, id=7176, stack(0x0000004add800000,0x0000004add900000)]
  0x000001888580bee0 JavaThread "jar transforms Thread 13" [_thread_blocked, id=9744, stack(0x0000004add900000,0x0000004adda00000)]
  0x00000188858123f0 JavaThread "jar transforms Thread 14" [_thread_blocked, id=8956, stack(0x0000004adda00000,0x0000004addb00000)]
  0x000001888580ea30 JavaThread "jar transforms Thread 15" [_thread_blocked, id=9040, stack(0x0000004addb00000,0x0000004addc00000)]
  0x000001888580b540 JavaThread "jar transforms Thread 16" [_thread_blocked, id=9796, stack(0x0000004addc00000,0x0000004addd00000)]
  0x0000018885811f20 JavaThread "Memory manager" [_thread_blocked, id=17708, stack(0x0000004adde00000,0x0000004addf00000)]
  0x0000018888fadea0 JavaThread "Cache worker for Java compile cache (C:\Users\hungb\.gradle\caches\8.0\javaCompile)" [_thread_blocked, id=10136, stack(0x0000004ad2b00000,0x0000004ad2c00000)]
  0x0000018882fef3f0 JavaThread "included builds" [_thread_blocked, id=2948, stack(0x0000004ade400000,0x0000004ade500000)]
  0x00000188873cda20 JavaThread "ForkJoinPool.commonPool-worker-1" daemon [_thread_blocked, id=13304, stack(0x0000004ae4200000,0x0000004ae4300000)]
  0x00000188ffaa5290 JavaThread "ForkJoinPool.commonPool-worker-2" daemon [_thread_blocked, id=6480, stack(0x0000004ae4300000,0x0000004ae4400000)]
  0x0000018882421e90 JavaThread "ForkJoinPool.commonPool-worker-3" daemon [_thread_blocked, id=17116, stack(0x0000004ae4400000,0x0000004ae4500000)]
  0x000001888c84ee40 JavaThread "ForkJoinPool.commonPool-worker-4" daemon [_thread_blocked, id=11712, stack(0x0000004ae4500000,0x0000004ae4600000)]
  0x0000018883784780 JavaThread "ForkJoinPool.commonPool-worker-5" daemon [_thread_blocked, id=18136, stack(0x0000004ae4600000,0x0000004ae4700000)]
  0x0000018882447750 JavaThread "ForkJoinPool.commonPool-worker-6" daemon [_thread_blocked, id=4212, stack(0x0000004ae4700000,0x0000004ae4800000)]
  0x0000018882ac87e0 JavaThread "ForkJoinPool.commonPool-worker-7" daemon [_thread_blocked, id=12240, stack(0x0000004ae4800000,0x0000004ae4900000)]
  0x000001888b16ab50 JavaThread "ForkJoinPool.commonPool-worker-8" daemon [_thread_blocked, id=12868, stack(0x0000004ae4900000,0x0000004ae4a00000)]
  0x00000188ff7ca2f0 JavaThread "ForkJoinPool.commonPool-worker-9" daemon [_thread_blocked, id=8268, stack(0x0000004ae4a00000,0x0000004ae4b00000)]
  0x00000188835928f0 JavaThread "ForkJoinPool.commonPool-worker-10" daemon [_thread_blocked, id=10712, stack(0x0000004ae4b00000,0x0000004ae4c00000)]
  0x0000018882ac8cb0 JavaThread "ForkJoinPool.commonPool-worker-11" daemon [_thread_blocked, id=1516, stack(0x0000004ae4c00000,0x0000004ae4d00000)]
  0x0000018883593290 JavaThread "ForkJoinPool.commonPool-worker-12" daemon [_thread_blocked, id=7580, stack(0x0000004ae4d00000,0x0000004ae4e00000)]
  0x00000188873cd550 JavaThread "Handler for socket connection from /127.0.0.1:52371 to /127.0.0.1:52450" [_thread_in_native, id=13520, stack(0x0000004ad1200000,0x0000004ad1300000)]
  0x00000188835724d0 JavaThread "Cancel handler" [_thread_blocked, id=10916, stack(0x0000004ad1300000,0x0000004ad1400000)]
  0x0000018883591a80 JavaThread "Asynchronous log dispatcher for DefaultDaemonConnection: socket connection from /127.0.0.1:52371 to /127.0.0.1:52450" [_thread_blocked, id=18272, stack(0x0000004ad1400000,0x0000004ad1500000)]
  0x0000018883592dc0 JavaThread "Stdin handler" [_thread_blocked, id=2088, stack(0x0000004ad2a00000,0x0000004ad2b00000)]
  0x0000018883591f50 JavaThread "Daemon client event forwarder" [_thread_blocked, id=9568, stack(0x0000004ad3000000,0x0000004ad3100000)]
  0x0000018883592420 JavaThread "Cache worker for checksums cache (C:\Users\hungb\StudioProjects\AppFood\.gradle\8.0\checksums)" [_thread_blocked, id=10156, stack(0x0000004ad3500000,0x0000004ad3600000)]
  0x0000018888ca1090 JavaThread "Cache worker for cache directory md-rule (C:\Users\hungb\.gradle\caches\8.0\md-rule)" [_thread_blocked, id=11140, stack(0x0000004ad3600000,0x0000004ad3700000)]
  0x0000018888c9e540 JavaThread "Cache worker for file hash cache (C:\Users\hungb\StudioProjects\AppFood\.gradle\8.0\fileHashes)" [_thread_blocked, id=13844, stack(0x0000004ad3800000,0x0000004ad3900000)]
  0x0000018888c9f3b0 JavaThread "Cache worker for cache directory md-supplier (C:\Users\hungb\.gradle\caches\8.0\md-supplier)" [_thread_blocked, id=10332, stack(0x0000004ad3900000,0x0000004ad3a00000)]
  0x00000188879e26d0 JavaThread "C2 CompilerThread1" daemon [_thread_in_native, id=15132, stack(0x0000004ad3a00000,0x0000004ad3b00000)]
  0x000001888b99df60 JavaThread "Cache worker for dependencies-accessors (C:\Users\hungb\StudioProjects\AppFood\.gradle\8.0\dependencies-accessors)" [_thread_blocked, id=8224, stack(0x0000004ad4a00000,0x0000004ad4b00000)]
  0x00000188873cd080 JavaThread "Cache worker for Build Output Cleanup Cache (C:\Users\hungb\StudioProjects\AppFood\.gradle\buildOutputCleanup)" [_thread_blocked, id=17100, stack(0x0000004ad4b00000,0x0000004ad4c00000)]

Other Threads:
  0x00000188fe61e890 VMThread "VM Thread" [stack: 0x0000004ad1b00000,0x0000004ad1c00000] [id=15404]
  0x00000188e3e15d00 WatcherThread [stack: 0x0000004ad2900000,0x0000004ad2a00000] [id=16716]
  0x00000188e3db2c50 GCTaskThread "GC Thread#0" [stack: 0x0000004ad1600000,0x0000004ad1700000] [id=8628]
  0x0000018880437cd0 GCTaskThread "GC Thread#1" [stack: 0x0000004ad2c00000,0x0000004ad2d00000] [id=13412]
  0x00000188ff863a10 GCTaskThread "GC Thread#2" [stack: 0x0000004ad2d00000,0x0000004ad2e00000] [id=14172]
  0x00000188802aed40 GCTaskThread "GC Thread#3" [stack: 0x0000004ad2e00000,0x0000004ad2f00000] [id=8708]
  0x00000188ff70c3c0 GCTaskThread "GC Thread#4" [stack: 0x0000004ad2f00000,0x0000004ad3000000] [id=14476]
  0x00000188821434d0 GCTaskThread "GC Thread#5" [stack: 0x0000004ad3b00000,0x0000004ad3c00000] [id=16276]
  0x0000018882143780 GCTaskThread "GC Thread#6" [stack: 0x0000004ad3c00000,0x0000004ad3d00000] [id=8368]
  0x0000018882777c20 GCTaskThread "GC Thread#7" [stack: 0x0000004ad3d00000,0x0000004ad3e00000] [id=12084]
  0x0000018880f1b0a0 GCTaskThread "GC Thread#8" [stack: 0x0000004ad3e00000,0x0000004ad3f00000] [id=2120]
  0x0000018880f1b350 GCTaskThread "GC Thread#9" [stack: 0x0000004ad3f00000,0x0000004ad4000000] [id=13364]
  0x00000188825280b0 GCTaskThread "GC Thread#10" [stack: 0x0000004ad4000000,0x0000004ad4100000] [id=18048]
  0x0000018882527b50 GCTaskThread "GC Thread#11" [stack: 0x0000004ad4100000,0x0000004ad4200000] [id=15860]
  0x0000018882528b70 GCTaskThread "GC Thread#12" [stack: 0x0000004ad4200000,0x0000004ad4300000] [id=4616]
  0x00000188e3dc3b90 ConcurrentGCThread "G1 Main Marker" [stack: 0x0000004ad1700000,0x0000004ad1800000] [id=17028]
  0x00000188e3dc45a0 ConcurrentGCThread "G1 Conc#0" [stack: 0x0000004ad1800000,0x0000004ad1900000] [id=14120]
  0x0000018882527e00 ConcurrentGCThread "G1 Conc#1" [stack: 0x0000004ad4300000,0x0000004ad4400000] [id=15612]
  0x0000018882528360 ConcurrentGCThread "G1 Conc#2" [stack: 0x0000004ad4400000,0x0000004ad4500000] [id=9644]
  0x00000188e3e1ec00 ConcurrentGCThread "G1 Refine#0" [stack: 0x0000004ad1900000,0x0000004ad1a00000] [id=9976]
  0x00000188855b6090 ConcurrentGCThread "G1 Refine#1" [stack: 0x0000004ae2b00000,0x0000004ae2c00000] [id=7964]
  0x00000188855b74b0 ConcurrentGCThread "G1 Refine#2" [stack: 0x0000004ae2c00000,0x0000004ae2d00000] [id=10184]
  0x0000018883119c90 ConcurrentGCThread "G1 Refine#3" [stack: 0x0000004ae2d00000,0x0000004ae2e00000] [id=6836]
  0x000001888311add0 ConcurrentGCThread "G1 Refine#4" [stack: 0x0000004ae2e00000,0x0000004ae2f00000] [id=8872]
  0x000001888311b390 ConcurrentGCThread "G1 Refine#5" [stack: 0x0000004ae2f00000,0x0000004ae3000000] [id=4268]
  0x00000188fe4cda80 ConcurrentGCThread "G1 Service" [stack: 0x0000004ad1a00000,0x0000004ad1b00000] [id=8760]

Threads with active compile tasks:
C2 CompilerThread0    71620 21639       4       org.gradle.internal.service.DefaultServiceRegistry$ClassInspector::getDetailsForClass (50 bytes)
C1 CompilerThread0    71620 21719       3       org.gradle.api.internal.artifacts.ivyservice.modulecache.ModuleMetadataSerializer$Reader::readVariants (97 bytes)
C2 CompilerThread1    71620 21684       4       org.gradle.internal.service.DefaultServiceRegistry$ClassInspector$ClassDetails::collectTypes (63 bytes)

VM state: not at safepoint (normal execution)

VM Mutex/Monitor currently owned by a thread: None

Heap address: 0x0000000080000000, size: 2048 MB, Compressed Oops mode: 32-bit

CDS archive(s) not mapped
Compressed class space mapped at: 0x0000000100000000-0x0000000140000000, reserved size: 1073741824
Narrow klass base: 0x0000000000000000, Narrow klass shift: 3, Narrow klass range: 0x140000000

GC Precious Log:
 CPUs: 16 total, 16 available
 Memory: 7813M
 Large Page Support: Disabled
 NUMA Support: Disabled
 Compressed Oops: Enabled (32-bit)
 Heap Region Size: 1M
 Heap Min Capacity: 8M
 Heap Initial Capacity: 124M
 Heap Max Capacity: 2G
 Pre-touch: Disabled
 Parallel Workers: 13
 Concurrent Workers: 3
 Concurrent Refinement Workers: 13
 Periodic GC: Disabled

Heap:
 garbage-first heap   total 275456K, used 182876K [0x0000000080000000, 0x0000000100000000)
  region size 1024K, 41 young (41984K), 7 survivors (7168K)
 Metaspace       used 132332K, committed 133248K, reserved 1163264K
  class space    used 19006K, committed 19456K, reserved 1048576K

Heap Regions: E=young(eden), S=young(survivor), O=old, HS=humongous(starts), HC=humongous(continues), CS=collection set, F=free, OA=open archive, CA=closed archive, TAMS=top-at-mark-start (previous, next)
|   0|0x0000000080000000, 0x0000000080100000, 0x0000000080100000|100%|HS|  |TAMS 0x0000000080100000, 0x0000000080000000| Complete 
|   1|0x0000000080100000, 0x0000000080200000, 0x0000000080200000|100%|HC|  |TAMS 0x0000000080200000, 0x0000000080100000| Complete 
|   2|0x0000000080200000, 0x0000000080300000, 0x0000000080300000|100%|HC|  |TAMS 0x0000000080300000, 0x0000000080200000| Complete 
|   3|0x0000000080300000, 0x0000000080400000, 0x0000000080400000|100%|HC|  |TAMS 0x0000000080400000, 0x0000000080300000| Complete 
|   4|0x0000000080400000, 0x0000000080500000, 0x0000000080500000|100%| O|  |TAMS 0x0000000080500000, 0x0000000080400000| Untracked 
|   5|0x0000000080500000, 0x0000000080600000, 0x0000000080600000|100%| O|  |TAMS 0x0000000080600000, 0x0000000080500000| Untracked 
|   6|0x0000000080600000, 0x0000000080700000, 0x0000000080700000|100%| O|  |TAMS 0x0000000080700000, 0x0000000080600000| Untracked 
|   7|0x0000000080700000, 0x0000000080800000, 0x0000000080800000|100%| O|  |TAMS 0x0000000080800000, 0x0000000080700000| Untracked 
|   8|0x0000000080800000, 0x0000000080900000, 0x0000000080900000|100%| O|  |TAMS 0x0000000080900000, 0x0000000080800000| Untracked 
|   9|0x0000000080900000, 0x0000000080a00000, 0x0000000080a00000|100%| O|  |TAMS 0x0000000080a00000, 0x0000000080900000| Untracked 
|  10|0x0000000080a00000, 0x0000000080b00000, 0x0000000080b00000|100%| O|  |TAMS 0x0000000080b00000, 0x0000000080a00000| Untracked 
|  11|0x0000000080b00000, 0x0000000080c00000, 0x0000000080c00000|100%| O|  |TAMS 0x0000000080c00000, 0x0000000080b00000| Untracked 
|  12|0x0000000080c00000, 0x0000000080d00000, 0x0000000080d00000|100%| O|  |TAMS 0x0000000080d00000, 0x0000000080c00000| Untracked 
|  13|0x0000000080d00000, 0x0000000080e00000, 0x0000000080e00000|100%| O|  |TAMS 0x0000000080e00000, 0x0000000080d00000| Untracked 
|  14|0x0000000080e00000, 0x0000000080f00000, 0x0000000080f00000|100%| O|  |TAMS 0x0000000080f00000, 0x0000000080e00000| Untracked 
|  15|0x0000000080f00000, 0x0000000081000000, 0x0000000081000000|100%| O|  |TAMS 0x0000000081000000, 0x0000000080f00000| Untracked 
|  16|0x0000000081000000, 0x0000000081100000, 0x0000000081100000|100%| O|  |TAMS 0x0000000081100000, 0x0000000081000000| Untracked 
|  17|0x0000000081100000, 0x0000000081200000, 0x0000000081200000|100%| O|  |TAMS 0x0000000081200000, 0x0000000081100000| Untracked 
|  18|0x0000000081200000, 0x0000000081300000, 0x0000000081300000|100%| O|  |TAMS 0x0000000081300000, 0x0000000081200000| Untracked 
|  19|0x0000000081300000, 0x0000000081400000, 0x0000000081400000|100%| O|  |TAMS 0x0000000081400000, 0x0000000081300000| Untracked 
|  20|0x0000000081400000, 0x0000000081500000, 0x0000000081500000|100%| O|  |TAMS 0x0000000081500000, 0x0000000081400000| Untracked 
|  21|0x0000000081500000, 0x0000000081600000, 0x0000000081600000|100%| O|  |TAMS 0x0000000081600000, 0x0000000081500000| Untracked 
|  22|0x0000000081600000, 0x0000000081700000, 0x0000000081700000|100%| O|  |TAMS 0x0000000081700000, 0x0000000081600000| Untracked 
|  23|0x0000000081700000, 0x0000000081800000, 0x0000000081800000|100%| O|  |TAMS 0x0000000081800000, 0x0000000081700000| Untracked 
|  24|0x0000000081800000, 0x0000000081900000, 0x0000000081900000|100%| O|  |TAMS 0x0000000081900000, 0x0000000081800000| Complete 
|  25|0x0000000081900000, 0x0000000081a00000, 0x0000000081a00000|100%|HS|  |TAMS 0x0000000081a00000, 0x0000000081900000| Complete 
|  26|0x0000000081a00000, 0x0000000081b00000, 0x0000000081b00000|100%| O|  |TAMS 0x0000000081b00000, 0x0000000081a00000| Untracked 
|  27|0x0000000081b00000, 0x0000000081c00000, 0x0000000081c00000|100%| O|  |TAMS 0x0000000081c00000, 0x0000000081b00000| Untracked 
|  28|0x0000000081c00000, 0x0000000081d00000, 0x0000000081d00000|100%| O|  |TAMS 0x0000000081d00000, 0x0000000081c00000| Untracked 
|  29|0x0000000081d00000, 0x0000000081e00000, 0x0000000081e00000|100%| O|  |TAMS 0x0000000081e00000, 0x0000000081d00000| Untracked 
|  30|0x0000000081e00000, 0x0000000081f00000, 0x0000000081f00000|100%| O|  |TAMS 0x0000000081f00000, 0x0000000081e00000| Untracked 
|  31|0x0000000081f00000, 0x0000000082000000, 0x0000000082000000|100%| O|  |TAMS 0x0000000082000000, 0x0000000081f00000| Untracked 
|  32|0x0000000082000000, 0x0000000082100000, 0x0000000082100000|100%| O|  |TAMS 0x0000000082100000, 0x0000000082000000| Untracked 
|  33|0x0000000082100000, 0x0000000082200000, 0x0000000082200000|100%|HS|  |TAMS 0x0000000082200000, 0x0000000082100000| Complete 
|  34|0x0000000082200000, 0x0000000082300000, 0x0000000082300000|100%| O|  |TAMS 0x0000000082300000, 0x0000000082200000| Untracked 
|  35|0x0000000082300000, 0x0000000082400000, 0x0000000082400000|100%| O|  |TAMS 0x0000000082400000, 0x0000000082300000| Complete 
|  36|0x0000000082400000, 0x0000000082500000, 0x0000000082500000|100%| O|  |TAMS 0x0000000082500000, 0x0000000082400000| Untracked 
|  37|0x0000000082500000, 0x0000000082600000, 0x0000000082600000|100%| O|  |TAMS 0x0000000082600000, 0x0000000082500000| Untracked 
|  38|0x0000000082600000, 0x0000000082700000, 0x0000000082700000|100%| O|  |TAMS 0x0000000082700000, 0x0000000082600000| Untracked 
|  39|0x0000000082700000, 0x0000000082800000, 0x0000000082800000|100%| O|  |TAMS 0x0000000082800000, 0x0000000082700000| Untracked 
|  40|0x0000000082800000, 0x0000000082900000, 0x0000000082900000|100%| O|  |TAMS 0x0000000082900000, 0x0000000082800000| Untracked 
|  41|0x0000000082900000, 0x0000000082a00000, 0x0000000082a00000|100%| O|  |TAMS 0x0000000082a00000, 0x0000000082900000| Untracked 
|  42|0x0000000082a00000, 0x0000000082b00000, 0x0000000082b00000|100%| O|  |TAMS 0x0000000082b00000, 0x0000000082a00000| Untracked 
|  43|0x0000000082b00000, 0x0000000082c00000, 0x0000000082c00000|100%| O|  |TAMS 0x0000000082c00000, 0x0000000082b00000| Untracked 
|  44|0x0000000082c00000, 0x0000000082d00000, 0x0000000082d00000|100%| O|  |TAMS 0x0000000082d00000, 0x0000000082c00000| Untracked 
|  45|0x0000000082d00000, 0x0000000082e00000, 0x0000000082e00000|100%| O|  |TAMS 0x0000000082e00000, 0x0000000082d00000| Untracked 
|  46|0x0000000082e00000, 0x0000000082f00000, 0x0000000082f00000|100%| O|  |TAMS 0x0000000082f00000, 0x0000000082e00000| Untracked 
|  47|0x0000000082f00000, 0x0000000083000000, 0x0000000083000000|100%| O|  |TAMS 0x0000000083000000, 0x0000000082f00000| Untracked 
|  48|0x0000000083000000, 0x0000000083100000, 0x0000000083100000|100%| O|  |TAMS 0x0000000083100000, 0x0000000083000000| Untracked 
|  49|0x0000000083100000, 0x0000000083200000, 0x0000000083200000|100%| O|  |TAMS 0x0000000083200000, 0x0000000083100000| Untracked 
|  50|0x0000000083200000, 0x0000000083300000, 0x0000000083300000|100%| O|  |TAMS 0x0000000083300000, 0x0000000083200000| Untracked 
|  51|0x0000000083300000, 0x0000000083400000, 0x0000000083400000|100%| O|  |TAMS 0x0000000083400000, 0x0000000083300000| Untracked 
|  52|0x0000000083400000, 0x0000000083500000, 0x0000000083500000|100%| O|  |TAMS 0x0000000083500000, 0x0000000083400000| Untracked 
|  53|0x0000000083500000, 0x0000000083600000, 0x0000000083600000|100%| O|  |TAMS 0x0000000083600000, 0x0000000083500000| Untracked 
|  54|0x0000000083600000, 0x0000000083700000, 0x0000000083700000|100%| O|  |TAMS 0x0000000083700000, 0x0000000083600000| Untracked 
|  55|0x0000000083700000, 0x0000000083800000, 0x0000000083800000|100%| O|  |TAMS 0x0000000083800000, 0x0000000083700000| Untracked 
|  56|0x0000000083800000, 0x0000000083900000, 0x0000000083900000|100%| O|  |TAMS 0x0000000083900000, 0x0000000083800000| Untracked 
|  57|0x0000000083900000, 0x0000000083a00000, 0x0000000083a00000|100%| O|  |TAMS 0x0000000083a00000, 0x0000000083900000| Untracked 
|  58|0x0000000083a00000, 0x0000000083b00000, 0x0000000083b00000|100%| O|  |TAMS 0x0000000083b00000, 0x0000000083a00000| Untracked 
|  59|0x0000000083b00000, 0x0000000083c00000, 0x0000000083c00000|100%| O|  |TAMS 0x0000000083c00000, 0x0000000083b00000| Untracked 
|  60|0x0000000083c00000, 0x0000000083d00000, 0x0000000083d00000|100%| O|  |TAMS 0x0000000083d00000, 0x0000000083c00000| Untracked 
|  61|0x0000000083d00000, 0x0000000083e00000, 0x0000000083e00000|100%| O|  |TAMS 0x0000000083e00000, 0x0000000083d00000| Untracked 
|  62|0x0000000083e00000, 0x0000000083f00000, 0x0000000083f00000|100%| O|  |TAMS 0x0000000083f00000, 0x0000000083e00000| Untracked 
|  63|0x0000000083f00000, 0x0000000084000000, 0x0000000084000000|100%| O|  |TAMS 0x0000000084000000, 0x0000000083f00000| Untracked 
|  64|0x0000000084000000, 0x0000000084100000, 0x0000000084100000|100%| O|  |TAMS 0x0000000084100000, 0x0000000084000000| Untracked 
|  65|0x0000000084100000, 0x0000000084200000, 0x0000000084200000|100%| O|  |TAMS 0x0000000084200000, 0x0000000084100000| Untracked 
|  66|0x0000000084200000, 0x0000000084300000, 0x0000000084300000|100%| O|  |TAMS 0x0000000084300000, 0x0000000084200000| Untracked 
|  67|0x0000000084300000, 0x0000000084400000, 0x0000000084400000|100%| O|  |TAMS 0x0000000084400000, 0x0000000084300000| Untracked 
|  68|0x0000000084400000, 0x0000000084500000, 0x0000000084500000|100%| O|  |TAMS 0x0000000084500000, 0x0000000084400000| Untracked 
|  69|0x0000000084500000, 0x0000000084600000, 0x0000000084600000|100%| O|  |TAMS 0x0000000084600000, 0x0000000084500000| Untracked 
|  70|0x0000000084600000, 0x0000000084700000, 0x0000000084700000|100%| O|  |TAMS 0x0000000084700000, 0x0000000084600000| Untracked 
|  71|0x0000000084700000, 0x0000000084800000, 0x0000000084800000|100%| O|  |TAMS 0x0000000084800000, 0x0000000084700000| Complete 
|  72|0x0000000084800000, 0x0000000084900000, 0x0000000084900000|100%| O|  |TAMS 0x0000000084900000, 0x0000000084800000| Untracked 
|  73|0x0000000084900000, 0x0000000084a00000, 0x0000000084a00000|100%| O|  |TAMS 0x0000000084a00000, 0x0000000084900000| Untracked 
|  74|0x0000000084a00000, 0x0000000084b00000, 0x0000000084b00000|100%| O|  |TAMS 0x0000000084b00000, 0x0000000084a00000| Untracked 
|  75|0x0000000084b00000, 0x0000000084c00000, 0x0000000084c00000|100%| O|  |TAMS 0x0000000084c00000, 0x0000000084b00000| Untracked 
|  76|0x0000000084c00000, 0x0000000084d00000, 0x0000000084d00000|100%| O|  |TAMS 0x0000000084d00000, 0x0000000084c00000| Untracked 
|  77|0x0000000084d00000, 0x0000000084e00000, 0x0000000084e00000|100%| O|  |TAMS 0x0000000084e00000, 0x0000000084d00000| Untracked 
|  78|0x0000000084e00000, 0x0000000084f00000, 0x0000000084f00000|100%| O|  |TAMS 0x0000000084f00000, 0x0000000084e00000| Untracked 
|  79|0x0000000084f00000, 0x0000000085000000, 0x0000000085000000|100%| O|  |TAMS 0x0000000085000000, 0x0000000084f00000| Untracked 
|  80|0x0000000085000000, 0x0000000085100000, 0x0000000085100000|100%| O|  |TAMS 0x0000000085100000, 0x0000000085000000| Untracked 
|  81|0x0000000085100000, 0x0000000085200000, 0x0000000085200000|100%| O|  |TAMS 0x0000000085200000, 0x0000000085100000| Complete 
|  82|0x0000000085200000, 0x0000000085300000, 0x0000000085300000|100%| O|  |TAMS 0x0000000085300000, 0x0000000085200000| Complete 
|  83|0x0000000085300000, 0x0000000085400000, 0x0000000085400000|100%| O|  |TAMS 0x0000000085400000, 0x0000000085300000| Untracked 
|  84|0x0000000085400000, 0x0000000085500000, 0x0000000085500000|100%| O|  |TAMS 0x0000000085500000, 0x0000000085400000| Untracked 
|  85|0x0000000085500000, 0x0000000085600000, 0x0000000085600000|100%| O|  |TAMS 0x0000000085600000, 0x0000000085500000| Complete 
|  86|0x0000000085600000, 0x0000000085700000, 0x0000000085700000|100%| O|  |TAMS 0x0000000085700000, 0x0000000085600000| Untracked 
|  87|0x0000000085700000, 0x0000000085800000, 0x0000000085800000|100%| O|  |TAMS 0x0000000085800000, 0x0000000085700000| Complete 
|  88|0x0000000085800000, 0x0000000085900000, 0x0000000085900000|100%| O|  |TAMS 0x0000000085900000, 0x0000000085800000| Untracked 
|  89|0x0000000085900000, 0x0000000085907400, 0x0000000085a00000|  2%| O|  |TAMS 0x0000000085907400, 0x0000000085900000| Untracked 
|  90|0x0000000085a00000, 0x0000000085b00000, 0x0000000085b00000|100%|HS|  |TAMS 0x0000000085a00000, 0x0000000085a00000| Complete 
|  91|0x0000000085b00000, 0x0000000085c00000, 0x0000000085c00000|100%|HS|  |TAMS 0x0000000085b00000, 0x0000000085b00000| Complete 
|  92|0x0000000085c00000, 0x0000000085d00000, 0x0000000085d00000|100%| O|  |TAMS 0x0000000085d00000, 0x0000000085c00000| Complete 
|  93|0x0000000085d00000, 0x0000000085e00000, 0x0000000085e00000|100%| O|  |TAMS 0x0000000085e00000, 0x0000000085d00000| Untracked 
|  94|0x0000000085e00000, 0x0000000085f00000, 0x0000000085f00000|100%| O|  |TAMS 0x0000000085f00000, 0x0000000085e00000| Untracked 
|  95|0x0000000085f00000, 0x0000000086000000, 0x0000000086000000|100%| O|  |TAMS 0x0000000086000000, 0x0000000085f00000| Untracked 
|  96|0x0000000086000000, 0x0000000086100000, 0x0000000086100000|100%| O|  |TAMS 0x0000000086100000, 0x0000000086000000| Untracked 
|  97|0x0000000086100000, 0x0000000086200000, 0x0000000086200000|100%| O|  |TAMS 0x0000000086200000, 0x0000000086100000| Untracked 
|  98|0x0000000086200000, 0x0000000086300000, 0x0000000086300000|100%| O|  |TAMS 0x0000000086300000, 0x0000000086200000| Untracked 
|  99|0x0000000086300000, 0x0000000086400000, 0x0000000086400000|100%| O|  |TAMS 0x0000000086400000, 0x0000000086300000| Untracked 
| 100|0x0000000086400000, 0x0000000086500000, 0x0000000086500000|100%|HS|  |TAMS 0x0000000086400000, 0x0000000086400000| Complete 
| 101|0x0000000086500000, 0x0000000086600000, 0x0000000086600000|100%| O|  |TAMS 0x0000000086600000, 0x0000000086500000| Untracked 
| 102|0x0000000086600000, 0x0000000086700000, 0x0000000086700000|100%|HS|  |TAMS 0x0000000086600000, 0x0000000086600000| Complete 
| 103|0x0000000086700000, 0x0000000086800000, 0x0000000086800000|100%|HC|  |TAMS 0x0000000086700000, 0x0000000086700000| Complete 
| 104|0x0000000086800000, 0x0000000086900000, 0x0000000086900000|100%|HS|  |TAMS 0x0000000086800000, 0x0000000086800000| Complete 
| 105|0x0000000086900000, 0x0000000086a00000, 0x0000000086a00000|100%|HC|  |TAMS 0x0000000086900000, 0x0000000086900000| Complete 
| 106|0x0000000086a00000, 0x0000000086b00000, 0x0000000086b00000|100%|HS|  |TAMS 0x0000000086a00000, 0x0000000086a00000| Complete 
| 107|0x0000000086b00000, 0x0000000086c00000, 0x0000000086c00000|100%|HC|  |TAMS 0x0000000086b00000, 0x0000000086b00000| Complete 
| 108|0x0000000086c00000, 0x0000000086d00000, 0x0000000086d00000|100%|HS|  |TAMS 0x0000000086c00000, 0x0000000086c00000| Complete 
| 109|0x0000000086d00000, 0x0000000086e00000, 0x0000000086e00000|100%| O|  |TAMS 0x0000000086e00000, 0x0000000086d00000| Untracked 
| 110|0x0000000086e00000, 0x0000000086f00000, 0x0000000086f00000|100%|HS|  |TAMS 0x0000000086e00000, 0x0000000086e00000| Complete 
| 111|0x0000000086f00000, 0x0000000087000000, 0x0000000087000000|100%|HC|  |TAMS 0x0000000086f00000, 0x0000000086f00000| Complete 
| 112|0x0000000087000000, 0x0000000087100000, 0x0000000087100000|100%| O|  |TAMS 0x0000000087100000, 0x0000000087000000| Untracked 
| 113|0x0000000087100000, 0x0000000087200000, 0x0000000087200000|100%| O|  |TAMS 0x0000000087200000, 0x0000000087100000| Untracked 
| 114|0x0000000087200000, 0x0000000087300000, 0x0000000087300000|100%| O|  |TAMS 0x0000000087300000, 0x0000000087200000| Untracked 
| 115|0x0000000087300000, 0x0000000087400000, 0x0000000087400000|100%| O|  |TAMS 0x0000000087400000, 0x0000000087300000| Untracked 
| 116|0x0000000087400000, 0x0000000087500000, 0x0000000087500000|100%| O|  |TAMS 0x0000000087500000, 0x0000000087400000| Untracked 
| 117|0x0000000087500000, 0x0000000087600000, 0x0000000087600000|100%| O|  |TAMS 0x0000000087600000, 0x0000000087500000| Complete 
| 118|0x0000000087600000, 0x0000000087700000, 0x0000000087700000|100%| O|  |TAMS 0x0000000087700000, 0x0000000087600000| Complete 
| 119|0x0000000087700000, 0x0000000087800000, 0x0000000087800000|100%|HS|  |TAMS 0x0000000087700000, 0x0000000087700000| Complete 
| 120|0x0000000087800000, 0x0000000087900000, 0x0000000087900000|100%|HC|  |TAMS 0x0000000087800000, 0x0000000087800000| Complete 
| 121|0x0000000087900000, 0x0000000087900000, 0x0000000087a00000|  0%| F|  |TAMS 0x0000000087900000, 0x0000000087900000| Untracked 
| 122|0x0000000087a00000, 0x0000000087b00000, 0x0000000087b00000|100%| O|  |TAMS 0x0000000087b00000, 0x0000000087a00000| Complete 
| 123|0x0000000087b00000, 0x0000000087c00000, 0x0000000087c00000|100%|HS|  |TAMS 0x0000000087b00000, 0x0000000087b00000| Complete 
| 124|0x0000000087c00000, 0x0000000087d00000, 0x0000000087d00000|100%|HC|  |TAMS 0x0000000087c00000, 0x0000000087c00000| Complete 
| 125|0x0000000087d00000, 0x0000000087e00000, 0x0000000087e00000|100%|HS|  |TAMS 0x0000000087d00000, 0x0000000087d00000| Complete 
| 126|0x0000000087e00000, 0x0000000087f00000, 0x0000000087f00000|100%|HC|  |TAMS 0x0000000087e00000, 0x0000000087e00000| Complete 
| 127|0x0000000087f00000, 0x0000000088000000, 0x0000000088000000|100%|HS|  |TAMS 0x0000000087f00000, 0x0000000087f00000| Complete 
| 128|0x0000000088000000, 0x0000000088100000, 0x0000000088100000|100%|HC|  |TAMS 0x0000000088000000, 0x0000000088000000| Complete 
| 129|0x0000000088100000, 0x0000000088100000, 0x0000000088200000|  0%| F|  |TAMS 0x0000000088100000, 0x0000000088100000| Untracked 
| 130|0x0000000088200000, 0x0000000088200000, 0x0000000088300000|  0%| F|  |TAMS 0x0000000088200000, 0x0000000088200000| Untracked 
| 131|0x0000000088300000, 0x0000000088400000, 0x0000000088400000|100%| O|  |TAMS 0x0000000088400000, 0x0000000088300000| Complete 
| 132|0x0000000088400000, 0x0000000088500000, 0x0000000088500000|100%| O|  |TAMS 0x0000000088500000, 0x0000000088400000| Complete 
| 133|0x0000000088500000, 0x0000000088600000, 0x0000000088600000|100%| O|  |TAMS 0x0000000088600000, 0x0000000088500000| Untracked 
| 134|0x0000000088600000, 0x0000000088700000, 0x0000000088700000|100%| O|  |TAMS 0x0000000088700000, 0x0000000088600000| Untracked 
| 135|0x0000000088700000, 0x0000000088800000, 0x0000000088800000|100%| O|  |TAMS 0x0000000088800000, 0x0000000088700000| Untracked 
| 136|0x0000000088800000, 0x0000000088900000, 0x0000000088900000|100%| O|  |TAMS 0x0000000088900000, 0x0000000088800000| Untracked 
| 137|0x0000000088900000, 0x0000000088a00000, 0x0000000088a00000|100%| O|  |TAMS 0x0000000088a00000, 0x0000000088900000| Untracked 
| 138|0x0000000088a00000, 0x0000000088b00000, 0x0000000088b00000|100%| O|  |TAMS 0x0000000088b00000, 0x0000000088a00000| Untracked 
| 139|0x0000000088b00000, 0x0000000088c00000, 0x0000000088c00000|100%| O|  |TAMS 0x0000000088c00000, 0x0000000088b00000| Untracked 
| 140|0x0000000088c00000, 0x0000000088d00000, 0x0000000088d00000|100%| O|  |TAMS 0x0000000088d00000, 0x0000000088c00000| Complete 
| 141|0x0000000088d00000, 0x0000000088e00000, 0x0000000088e00000|100%| O|  |TAMS 0x0000000088e00000, 0x0000000088d00000| Complete 
| 142|0x0000000088e00000, 0x0000000088f00000, 0x0000000088f00000|100%| O|  |TAMS 0x0000000088f00000, 0x0000000088e00000| Complete 
| 143|0x0000000088f00000, 0x0000000089000000, 0x0000000089000000|100%| O|  |TAMS 0x0000000089000000, 0x0000000088f00000| Complete 
| 144|0x0000000089000000, 0x0000000089000000, 0x0000000089100000|  0%| F|  |TAMS 0x0000000089000000, 0x0000000089000000| Untracked 
| 145|0x0000000089100000, 0x0000000089100000, 0x0000000089200000|  0%| F|  |TAMS 0x0000000089100000, 0x0000000089100000| Untracked 
| 146|0x0000000089200000, 0x0000000089200000, 0x0000000089300000|  0%| F|  |TAMS 0x0000000089200000, 0x0000000089200000| Untracked 
| 147|0x0000000089300000, 0x0000000089300000, 0x0000000089400000|  0%| F|  |TAMS 0x0000000089300000, 0x0000000089300000| Untracked 
| 148|0x0000000089400000, 0x0000000089400000, 0x0000000089500000|  0%| F|  |TAMS 0x0000000089400000, 0x0000000089400000| Untracked 
| 149|0x0000000089500000, 0x0000000089500000, 0x0000000089600000|  0%| F|  |TAMS 0x0000000089500000, 0x0000000089500000| Untracked 
| 150|0x0000000089600000, 0x0000000089600000, 0x0000000089700000|  0%| F|  |TAMS 0x0000000089600000, 0x0000000089600000| Untracked 
| 151|0x0000000089700000, 0x0000000089700000, 0x0000000089800000|  0%| F|  |TAMS 0x0000000089700000, 0x0000000089700000| Untracked 
| 152|0x0000000089800000, 0x0000000089800000, 0x0000000089900000|  0%| F|  |TAMS 0x0000000089800000, 0x0000000089800000| Untracked 
| 153|0x0000000089900000, 0x0000000089900000, 0x0000000089a00000|  0%| F|  |TAMS 0x0000000089900000, 0x0000000089900000| Untracked 
| 154|0x0000000089a00000, 0x0000000089a00000, 0x0000000089b00000|  0%| F|  |TAMS 0x0000000089a00000, 0x0000000089a00000| Untracked 
| 155|0x0000000089b00000, 0x0000000089b00000, 0x0000000089c00000|  0%| F|  |TAMS 0x0000000089b00000, 0x0000000089b00000| Untracked 
| 156|0x0000000089c00000, 0x0000000089c00000, 0x0000000089d00000|  0%| F|  |TAMS 0x0000000089c00000, 0x0000000089c00000| Untracked 
| 157|0x0000000089d00000, 0x0000000089d00000, 0x0000000089e00000|  0%| F|  |TAMS 0x0000000089d00000, 0x0000000089d00000| Untracked 
| 158|0x0000000089e00000, 0x0000000089e00000, 0x0000000089f00000|  0%| F|  |TAMS 0x0000000089e00000, 0x0000000089e00000| Untracked 
| 159|0x0000000089f00000, 0x0000000089f00000, 0x000000008a000000|  0%| F|  |TAMS 0x0000000089f00000, 0x0000000089f00000| Untracked 
| 160|0x000000008a000000, 0x000000008a000000, 0x000000008a100000|  0%| F|  |TAMS 0x000000008a000000, 0x000000008a000000| Untracked 
| 161|0x000000008a100000, 0x000000008a100000, 0x000000008a200000|  0%| F|  |TAMS 0x000000008a100000, 0x000000008a100000| Untracked 
| 162|0x000000008a200000, 0x000000008a200000, 0x000000008a300000|  0%| F|  |TAMS 0x000000008a200000, 0x000000008a200000| Untracked 
| 163|0x000000008a300000, 0x000000008a300000, 0x000000008a400000|  0%| F|  |TAMS 0x000000008a300000, 0x000000008a300000| Untracked 
| 164|0x000000008a400000, 0x000000008a400000, 0x000000008a500000|  0%| F|  |TAMS 0x000000008a400000, 0x000000008a400000| Untracked 
| 165|0x000000008a500000, 0x000000008a500000, 0x000000008a600000|  0%| F|  |TAMS 0x000000008a500000, 0x000000008a500000| Untracked 
| 166|0x000000008a600000, 0x000000008a600000, 0x000000008a700000|  0%| F|  |TAMS 0x000000008a600000, 0x000000008a600000| Untracked 
| 167|0x000000008a700000, 0x000000008a700000, 0x000000008a800000|  0%| F|  |TAMS 0x000000008a700000, 0x000000008a700000| Untracked 
| 168|0x000000008a800000, 0x000000008a800000, 0x000000008a900000|  0%| F|  |TAMS 0x000000008a800000, 0x000000008a800000| Untracked 
| 169|0x000000008a900000, 0x000000008a900000, 0x000000008aa00000|  0%| F|  |TAMS 0x000000008a900000, 0x000000008a900000| Untracked 
| 170|0x000000008aa00000, 0x000000008aa00000, 0x000000008ab00000|  0%| F|  |TAMS 0x000000008aa00000, 0x000000008aa00000| Untracked 
| 171|0x000000008ab00000, 0x000000008ab00000, 0x000000008ac00000|  0%| F|  |TAMS 0x000000008ab00000, 0x000000008ab00000| Untracked 
| 172|0x000000008ac00000, 0x000000008ac00000, 0x000000008ad00000|  0%| F|  |TAMS 0x000000008ac00000, 0x000000008ac00000| Untracked 
| 173|0x000000008ad00000, 0x000000008ad00000, 0x000000008ae00000|  0%| F|  |TAMS 0x000000008ad00000, 0x000000008ad00000| Untracked 
| 174|0x000000008ae00000, 0x000000008ae00000, 0x000000008af00000|  0%| F|  |TAMS 0x000000008ae00000, 0x000000008ae00000| Untracked 
| 175|0x000000008af00000, 0x000000008af00000, 0x000000008b000000|  0%| F|  |TAMS 0x000000008af00000, 0x000000008af00000| Untracked 
| 176|0x000000008b000000, 0x000000008b000000, 0x000000008b100000|  0%| F|  |TAMS 0x000000008b000000, 0x000000008b000000| Untracked 
| 177|0x000000008b100000, 0x000000008b100000, 0x000000008b200000|  0%| F|  |TAMS 0x000000008b100000, 0x000000008b100000| Untracked 
| 178|0x000000008b200000, 0x000000008b200000, 0x000000008b300000|  0%| F|  |TAMS 0x000000008b200000, 0x000000008b200000| Untracked 
| 179|0x000000008b300000, 0x000000008b300000, 0x000000008b400000|  0%| F|  |TAMS 0x000000008b300000, 0x000000008b300000| Untracked 
| 180|0x000000008b400000, 0x000000008b400000, 0x000000008b500000|  0%| F|  |TAMS 0x000000008b400000, 0x000000008b400000| Untracked 
| 181|0x000000008b500000, 0x000000008b500000, 0x000000008b600000|  0%| F|  |TAMS 0x000000008b500000, 0x000000008b500000| Untracked 
| 182|0x000000008b600000, 0x000000008b600000, 0x000000008b700000|  0%| F|  |TAMS 0x000000008b600000, 0x000000008b600000| Untracked 
| 183|0x000000008b700000, 0x000000008b700000, 0x000000008b800000|  0%| F|  |TAMS 0x000000008b700000, 0x000000008b700000| Untracked 
| 184|0x000000008b800000, 0x000000008b800000, 0x000000008b900000|  0%| F|  |TAMS 0x000000008b800000, 0x000000008b800000| Untracked 
| 185|0x000000008b900000, 0x000000008b900000, 0x000000008ba00000|  0%| F|  |TAMS 0x000000008b900000, 0x000000008b900000| Untracked 
| 186|0x000000008ba00000, 0x000000008ba00000, 0x000000008bb00000|  0%| F|  |TAMS 0x000000008ba00000, 0x000000008ba00000| Untracked 
| 187|0x000000008bb00000, 0x000000008bb00000, 0x000000008bc00000|  0%| F|  |TAMS 0x000000008bb00000, 0x000000008bb00000| Untracked 
| 188|0x000000008bc00000, 0x000000008bc00000, 0x000000008bd00000|  0%| F|  |TAMS 0x000000008bc00000, 0x000000008bc00000| Untracked 
| 189|0x000000008bd00000, 0x000000008bd00000, 0x000000008be00000|  0%| F|  |TAMS 0x000000008bd00000, 0x000000008bd00000| Untracked 
| 190|0x000000008be00000, 0x000000008be00000, 0x000000008bf00000|  0%| F|  |TAMS 0x000000008be00000, 0x000000008be00000| Untracked 
| 191|0x000000008bf00000, 0x000000008bf00000, 0x000000008c000000|  0%| F|  |TAMS 0x000000008bf00000, 0x000000008bf00000| Untracked 
| 192|0x000000008c000000, 0x000000008c000000, 0x000000008c100000|  0%| F|  |TAMS 0x000000008c000000, 0x000000008c000000| Untracked 
| 193|0x000000008c100000, 0x000000008c100000, 0x000000008c200000|  0%| F|  |TAMS 0x000000008c100000, 0x000000008c100000| Untracked 
| 194|0x000000008c200000, 0x000000008c200000, 0x000000008c300000|  0%| F|  |TAMS 0x000000008c200000, 0x000000008c200000| Untracked 
| 195|0x000000008c300000, 0x000000008c300000, 0x000000008c400000|  0%| F|  |TAMS 0x000000008c300000, 0x000000008c300000| Untracked 
| 196|0x000000008c400000, 0x000000008c400000, 0x000000008c500000|  0%| F|  |TAMS 0x000000008c400000, 0x000000008c400000| Untracked 
| 197|0x000000008c500000, 0x000000008c500000, 0x000000008c600000|  0%| F|  |TAMS 0x000000008c500000, 0x000000008c500000| Untracked 
| 198|0x000000008c600000, 0x000000008c600000, 0x000000008c700000|  0%| F|  |TAMS 0x000000008c600000, 0x000000008c600000| Untracked 
| 199|0x000000008c700000, 0x000000008c700000, 0x000000008c800000|  0%| F|  |TAMS 0x000000008c700000, 0x000000008c700000| Untracked 
| 200|0x000000008c800000, 0x000000008c800000, 0x000000008c900000|  0%| F|  |TAMS 0x000000008c800000, 0x000000008c800000| Untracked 
| 201|0x000000008c900000, 0x000000008c900000, 0x000000008ca00000|  0%| F|  |TAMS 0x000000008c900000, 0x000000008c900000| Untracked 
| 202|0x000000008ca00000, 0x000000008ca00000, 0x000000008cb00000|  0%| F|  |TAMS 0x000000008ca00000, 0x000000008ca00000| Untracked 
| 203|0x000000008cb00000, 0x000000008cb00000, 0x000000008cc00000|  0%| F|  |TAMS 0x000000008cb00000, 0x000000008cb00000| Untracked 
| 204|0x000000008cc00000, 0x000000008cc00000, 0x000000008cd00000|  0%| F|  |TAMS 0x000000008cc00000, 0x000000008cc00000| Untracked 
| 205|0x000000008cd00000, 0x000000008cd00000, 0x000000008ce00000|  0%| F|  |TAMS 0x000000008cd00000, 0x000000008cd00000| Untracked 
| 206|0x000000008ce00000, 0x000000008ce00000, 0x000000008cf00000|  0%| F|  |TAMS 0x000000008ce00000, 0x000000008ce00000| Untracked 
| 207|0x000000008cf00000, 0x000000008cf00000, 0x000000008d000000|  0%| F|  |TAMS 0x000000008cf00000, 0x000000008cf00000| Untracked 
| 208|0x000000008d000000, 0x000000008d000000, 0x000000008d100000|  0%| F|  |TAMS 0x000000008d000000, 0x000000008d000000| Untracked 
| 209|0x000000008d100000, 0x000000008d100000, 0x000000008d200000|  0%| F|  |TAMS 0x000000008d100000, 0x000000008d100000| Untracked 
| 210|0x000000008d200000, 0x000000008d200000, 0x000000008d300000|  0%| F|  |TAMS 0x000000008d200000, 0x000000008d200000| Untracked 
| 211|0x000000008d300000, 0x000000008d300000, 0x000000008d400000|  0%| F|  |TAMS 0x000000008d300000, 0x000000008d300000| Untracked 
| 212|0x000000008d400000, 0x000000008d400000, 0x000000008d500000|  0%| F|  |TAMS 0x000000008d400000, 0x000000008d400000| Untracked 
| 213|0x000000008d500000, 0x000000008d500000, 0x000000008d600000|  0%| F|  |TAMS 0x000000008d500000, 0x000000008d500000| Untracked 
| 214|0x000000008d600000, 0x000000008d600000, 0x000000008d700000|  0%| F|  |TAMS 0x000000008d600000, 0x000000008d600000| Untracked 
| 215|0x000000008d700000, 0x000000008d700000, 0x000000008d800000|  0%| F|  |TAMS 0x000000008d700000, 0x000000008d700000| Untracked 
| 216|0x000000008d800000, 0x000000008d800000, 0x000000008d900000|  0%| F|  |TAMS 0x000000008d800000, 0x000000008d800000| Untracked 
| 217|0x000000008d900000, 0x000000008d900000, 0x000000008da00000|  0%| F|  |TAMS 0x000000008d900000, 0x000000008d900000| Untracked 
| 218|0x000000008da00000, 0x000000008da00000, 0x000000008db00000|  0%| F|  |TAMS 0x000000008da00000, 0x000000008da00000| Untracked 
| 219|0x000000008db00000, 0x000000008db00000, 0x000000008dc00000|  0%| F|  |TAMS 0x000000008db00000, 0x000000008db00000| Untracked 
| 220|0x000000008dc00000, 0x000000008dc00000, 0x000000008dd00000|  0%| F|  |TAMS 0x000000008dc00000, 0x000000008dc00000| Untracked 
| 221|0x000000008dd00000, 0x000000008dd00000, 0x000000008de00000|  0%| F|  |TAMS 0x000000008dd00000, 0x000000008dd00000| Untracked 
| 222|0x000000008de00000, 0x000000008de00000, 0x000000008df00000|  0%| F|  |TAMS 0x000000008de00000, 0x000000008de00000| Untracked 
| 223|0x000000008df00000, 0x000000008df00000, 0x000000008e000000|  0%| F|  |TAMS 0x000000008df00000, 0x000000008df00000| Untracked 
| 224|0x000000008e000000, 0x000000008e000000, 0x000000008e100000|  0%| F|  |TAMS 0x000000008e000000, 0x000000008e000000| Untracked 
| 225|0x000000008e100000, 0x000000008e100000, 0x000000008e200000|  0%| F|  |TAMS 0x000000008e100000, 0x000000008e100000| Untracked 
| 226|0x000000008e200000, 0x000000008e200000, 0x000000008e300000|  0%| F|  |TAMS 0x000000008e200000, 0x000000008e200000| Untracked 
| 227|0x000000008e300000, 0x000000008e300000, 0x000000008e400000|  0%| F|  |TAMS 0x000000008e300000, 0x000000008e300000| Untracked 
| 228|0x000000008e400000, 0x000000008e500000, 0x000000008e500000|100%| E|  |TAMS 0x000000008e400000, 0x000000008e400000| Complete 
| 229|0x000000008e500000, 0x000000008e600000, 0x000000008e600000|100%| E|CS|TAMS 0x000000008e500000, 0x000000008e500000| Complete 
| 230|0x000000008e600000, 0x000000008e700000, 0x000000008e700000|100%| E|CS|TAMS 0x000000008e600000, 0x000000008e600000| Complete 
| 231|0x000000008e700000, 0x000000008e800000, 0x000000008e800000|100%| E|CS|TAMS 0x000000008e700000, 0x000000008e700000| Complete 
| 232|0x000000008e800000, 0x000000008e900000, 0x000000008e900000|100%| E|CS|TAMS 0x000000008e800000, 0x000000008e800000| Complete 
| 233|0x000000008e900000, 0x000000008ea00000, 0x000000008ea00000|100%| E|CS|TAMS 0x000000008e900000, 0x000000008e900000| Complete 
| 234|0x000000008ea00000, 0x000000008eb00000, 0x000000008eb00000|100%| E|CS|TAMS 0x000000008ea00000, 0x000000008ea00000| Complete 
| 235|0x000000008eb00000, 0x000000008ec00000, 0x000000008ec00000|100%| E|CS|TAMS 0x000000008eb00000, 0x000000008eb00000| Complete 
| 236|0x000000008ec00000, 0x000000008ed00000, 0x000000008ed00000|100%| E|CS|TAMS 0x000000008ec00000, 0x000000008ec00000| Complete 
| 237|0x000000008ed00000, 0x000000008ee00000, 0x000000008ee00000|100%| E|CS|TAMS 0x000000008ed00000, 0x000000008ed00000| Complete 
| 238|0x000000008ee00000, 0x000000008ef00000, 0x000000008ef00000|100%| E|CS|TAMS 0x000000008ee00000, 0x000000008ee00000| Complete 
| 239|0x000000008ef00000, 0x000000008ef8ffd0, 0x000000008f000000| 56%| S|CS|TAMS 0x000000008ef00000, 0x000000008ef00000| Complete 
| 240|0x000000008f000000, 0x000000008f100000, 0x000000008f100000|100%| S|CS|TAMS 0x000000008f000000, 0x000000008f000000| Complete 
| 241|0x000000008f100000, 0x000000008f200000, 0x000000008f200000|100%| S|CS|TAMS 0x000000008f100000, 0x000000008f100000| Complete 
| 242|0x000000008f200000, 0x000000008f300000, 0x000000008f300000|100%| S|CS|TAMS 0x000000008f200000, 0x000000008f200000| Complete 
| 243|0x000000008f300000, 0x000000008f400000, 0x000000008f400000|100%| S|CS|TAMS 0x000000008f300000, 0x000000008f300000| Complete 
| 244|0x000000008f400000, 0x000000008f500000, 0x000000008f500000|100%| S|CS|TAMS 0x000000008f400000, 0x000000008f400000| Complete 
| 245|0x000000008f500000, 0x000000008f600000, 0x000000008f600000|100%| S|CS|TAMS 0x000000008f500000, 0x000000008f500000| Complete 
| 246|0x000000008f600000, 0x000000008f700000, 0x000000008f700000|100%| E|CS|TAMS 0x000000008f600000, 0x000000008f600000| Complete 
| 247|0x000000008f700000, 0x000000008f800000, 0x000000008f800000|100%| E|CS|TAMS 0x000000008f700000, 0x000000008f700000| Complete 
| 248|0x000000008f800000, 0x000000008f900000, 0x000000008f900000|100%| E|CS|TAMS 0x000000008f800000, 0x000000008f800000| Complete 
| 249|0x000000008f900000, 0x000000008fa00000, 0x000000008fa00000|100%| E|CS|TAMS 0x000000008f900000, 0x000000008f900000| Complete 
| 250|0x000000008fa00000, 0x000000008fb00000, 0x000000008fb00000|100%| E|CS|TAMS 0x000000008fa00000, 0x000000008fa00000| Complete 
| 251|0x000000008fb00000, 0x000000008fc00000, 0x000000008fc00000|100%| E|CS|TAMS 0x000000008fb00000, 0x000000008fb00000| Complete 
| 252|0x000000008fc00000, 0x000000008fd00000, 0x000000008fd00000|100%| E|CS|TAMS 0x000000008fc00000, 0x000000008fc00000| Complete 
| 253|0x000000008fd00000, 0x000000008fe00000, 0x000000008fe00000|100%| E|  |TAMS 0x000000008fd00000, 0x000000008fd00000| Complete 
| 254|0x000000008fe00000, 0x000000008ff00000, 0x000000008ff00000|100%| E|CS|TAMS 0x000000008fe00000, 0x000000008fe00000| Complete 
| 255|0x000000008ff00000, 0x0000000090000000, 0x0000000090000000|100%| E|CS|TAMS 0x000000008ff00000, 0x000000008ff00000| Complete 
| 256|0x0000000090000000, 0x0000000090100000, 0x0000000090100000|100%| E|CS|TAMS 0x0000000090000000, 0x0000000090000000| Complete 
| 257|0x0000000090100000, 0x0000000090200000, 0x0000000090200000|100%| E|CS|TAMS 0x0000000090100000, 0x0000000090100000| Complete 
| 258|0x0000000090200000, 0x0000000090300000, 0x0000000090300000|100%| E|CS|TAMS 0x0000000090200000, 0x0000000090200000| Complete 
| 259|0x0000000090300000, 0x0000000090400000, 0x0000000090400000|100%| E|CS|TAMS 0x0000000090300000, 0x0000000090300000| Complete 
| 260|0x0000000090400000, 0x0000000090500000, 0x0000000090500000|100%| E|CS|TAMS 0x0000000090400000, 0x0000000090400000| Complete 
| 261|0x0000000090500000, 0x0000000090600000, 0x0000000090600000|100%| E|CS|TAMS 0x0000000090500000, 0x0000000090500000| Complete 
| 262|0x0000000090600000, 0x0000000090700000, 0x0000000090700000|100%| E|CS|TAMS 0x0000000090600000, 0x0000000090600000| Complete 
| 263|0x0000000090700000, 0x0000000090800000, 0x0000000090800000|100%| E|CS|TAMS 0x0000000090700000, 0x0000000090700000| Complete 
| 264|0x0000000090800000, 0x0000000090900000, 0x0000000090900000|100%| E|CS|TAMS 0x0000000090800000, 0x0000000090800000| Complete 
| 265|0x0000000090900000, 0x0000000090a00000, 0x0000000090a00000|100%| E|CS|TAMS 0x0000000090900000, 0x0000000090900000| Complete 
| 266|0x0000000090a00000, 0x0000000090b00000, 0x0000000090b00000|100%| E|CS|TAMS 0x0000000090a00000, 0x0000000090a00000| Complete 
| 267|0x0000000090b00000, 0x0000000090c00000, 0x0000000090c00000|100%| E|CS|TAMS 0x0000000090b00000, 0x0000000090b00000| Complete 
| 268|0x0000000090c00000, 0x0000000090d00000, 0x0000000090d00000|100%| E|CS|TAMS 0x0000000090c00000, 0x0000000090c00000| Complete 

Card table byte_map: [0x00000188f6ea0000,0x00000188f72a0000] _byte_map_base: 0x00000188f6aa0000

Marking Bits (Prev, Next): (CMBitMap*) 0x00000188e3db32a0, (CMBitMap*) 0x00000188e3db3260
 Prev Bits: [0x00000188f96a0000, 0x00000188fb6a0000)
 Next Bits: [0x00000188f76a0000, 0x00000188f96a0000)

Polling page: 0x00000188e1a30000

Metaspace:

Usage:
  Non-class:    110.67 MB used.
      Class:     18.56 MB used.
       Both:    129.23 MB used.

Virtual space:
  Non-class space:      112.00 MB reserved,     111.12 MB (>99%) committed,  14 nodes.
      Class space:        1.00 GB reserved,      19.00 MB (  2%) committed,  1 nodes.
             Both:        1.11 GB reserved,     130.12 MB ( 11%) committed. 

Chunk freelists:
   Non-Class:  160.00 KB
       Class:  950.00 KB
        Both:  1.08 MB

MaxMetaspaceSize: unlimited
CompressedClassSpaceSize: 1.00 GB
Initial GC threshold: 21.00 MB
Current GC threshold: 214.00 MB
CDS: off
MetaspaceReclaimPolicy: balanced
 - commit_granule_bytes: 65536.
 - commit_granule_words: 8192.
 - virtual_space_node_default_size: 1048576.
 - enlarge_chunks_in_place: 1.
 - new_chunks_are_fully_committed: 0.
 - uncommit_free_chunks: 1.
 - use_allocation_guard: 0.
 - handle_deallocations: 1.


Internal statistics:

num_allocs_failed_limit: 6.
num_arena_births: 1568.
num_arena_deaths: 256.
num_vsnodes_births: 15.
num_vsnodes_deaths: 0.
num_space_committed: 2082.
num_space_uncommitted: 0.
num_chunks_returned_to_freelist: 385.
num_chunks_taken_from_freelist: 6817.
num_chunk_merges: 172.
num_chunk_splits: 4434.
num_chunks_enlarged: 2917.
num_purges: 6.
num_inconsistent_stats: 0.

CodeHeap 'non-profiled nmethods': size=119168Kb used=10255Kb max_used=10255Kb free=108912Kb
 bounds [0x00000188eedc0000, 0x00000188ef7d0000, 0x00000188f6220000]
CodeHeap 'profiled nmethods': size=119104Kb used=37188Kb max_used=37188Kb free=81915Kb
 bounds [0x00000188e7220000, 0x00000188e9680000, 0x00000188ee670000]
CodeHeap 'non-nmethods': size=7488Kb used=2438Kb max_used=4204Kb free=5049Kb
 bounds [0x00000188ee670000, 0x00000188eea90000, 0x00000188eedc0000]
 total_blobs=19403 nmethods=18424 adapters=890
 compilation: enabled
              stopped_count=0, restarted_count=0
 full_count=0

Compilation events (20 events):
Event: 71.583 Thread 0x00000188879e26d0 nmethod 21678 0x00000188ef7c3610 code [0x00000188ef7c37a0, 0x00000188ef7c3b98]
Event: 71.583 Thread 0x00000188879e26d0 21684       4       org.gradle.internal.service.DefaultServiceRegistry$ClassInspector$ClassDetails::collectTypes (63 bytes)
Event: 71.583 Thread 0x00000188ff058280 21685   !   3       java.lang.Integer::getInteger (23 bytes)
Event: 71.584 Thread 0x00000188ff058280 nmethod 21685 0x00000188e9657e10 code [0x00000188e9658000, 0x00000188e9658538]
Event: 71.584 Thread 0x00000188ff058280 21686       3       java.lang.Integer::getInteger (19 bytes)
Event: 71.584 Thread 0x00000188ff058280 nmethod 21686 0x00000188e9658790 code [0x00000188e96589c0, 0x00000188e96591d8]
Event: 71.591 Thread 0x00000188ff058280 21691       3       org.gradle.api.internal.artifacts.ivyservice.modulecache.ModuleMetadataStore::getFilePath (49 bytes)
Event: 71.591 Thread 0x00000188ff058280 nmethod 21691 0x00000188e9659590 code [0x00000188e96597a0, 0x00000188e965a438]
Event: 71.591 Thread 0x00000188ff058280 21692       3       org.gradle.internal.resource.local.DefaultPathKeyFileStore::get (32 bytes)
Event: 71.592 Thread 0x00000188ff058280 nmethod 21692 0x00000188e965a790 code [0x00000188e965aa80, 0x00000188e965ba58]
Event: 71.592 Thread 0x00000188ff058280 21693       3       org.gradle.api.internal.artifacts.ivyservice.modulecache.ModuleMetadataSerializer::read (35 bytes)
Event: 71.592 Thread 0x00000188ff058280 nmethod 21693 0x00000188e965c090 code [0x00000188e965c240, 0x00000188e965c458]
Event: 71.592 Thread 0x00000188ff058280 21694       3       org.gradle.internal.component.external.model.AbstractModuleComponentResolveMetadata::<init> (136 bytes)
Event: 71.593 Thread 0x00000188ff058280 nmethod 21694 0x00000188e965c590 code [0x00000188e965c820, 0x00000188e965df48]
Event: 71.597 Thread 0x00000188ff058280 21700       3       org.gradle.api.internal.artifacts.ivyservice.ivyresolve.RepositoryChainComponentMetaDataResolver::resolveModule (280 bytes)
Event: 71.599 Thread 0x00000188ff058280 nmethod 21700 0x00000188e965e310 code [0x00000188e965e800, 0x00000188e96613e8]
Event: 71.600 Thread 0x00000188ff058280 21703       3       org.gradle.api.internal.artifacts.ivyservice.modulecache.MissingModuleCacheEntry::<init> (8 bytes)
Event: 71.600 Thread 0x00000188ff058280 nmethod 21703 0x00000188e9662210 code [0x00000188e96623c0, 0x00000188e9662598]
Event: 71.600 Thread 0x00000188ff058280 21704       3       org.gradle.internal.component.model.AttributeConfigurationSelector::selectVariantsUsingAttributeMatching (13 bytes)
Event: 71.601 Thread 0x00000188ff058280 nmethod 21704 0x00000188e9662690 code [0x00000188e9662880, 0x00000188e9662e38]

GC Heap History (20 events):
Event: 40.887 GC heap before
{Heap before GC invocations=43 (full 0):
 garbage-first heap   total 225280K, used 173160K [0x0000000080000000, 0x0000000100000000)
  region size 1024K, 59 young (60416K), 9 survivors (9216K)
 Metaspace       used 106301K, committed 107008K, reserved 1146880K
  class space    used 14211K, committed 14592K, reserved 1048576K
}
Event: 40.893 GC heap after
{Heap after GC invocations=44 (full 0):
 garbage-first heap   total 225280K, used 133366K [0x0000000080000000, 0x0000000100000000)
  region size 1024K, 8 young (8192K), 8 survivors (8192K)
 Metaspace       used 106301K, committed 107008K, reserved 1146880K
  class space    used 14211K, committed 14592K, reserved 1048576K
}
Event: 40.907 GC heap before
{Heap before GC invocations=44 (full 0):
 garbage-first heap   total 225280K, used 136438K [0x0000000080000000, 0x0000000100000000)
  region size 1024K, 11 young (11264K), 8 survivors (8192K)
 Metaspace       used 106332K, committed 107072K, reserved 1146880K
  class space    used 14211K, committed 14592K, reserved 1048576K
}
Event: 40.910 GC heap after
{Heap after GC invocations=45 (full 0):
 garbage-first heap   total 225280K, used 133899K [0x0000000080000000, 0x0000000100000000)
  region size 1024K, 2 young (2048K), 2 survivors (2048K)
 Metaspace       used 106332K, committed 107072K, reserved 1146880K
  class space    used 14211K, committed 14592K, reserved 1048576K
}
Event: 41.119 GC heap before
{Heap before GC invocations=45 (full 0):
 garbage-first heap   total 225280K, used 163595K [0x0000000080000000, 0x0000000100000000)
  region size 1024K, 33 young (33792K), 2 survivors (2048K)
 Metaspace       used 106810K, committed 107520K, reserved 1146880K
  class space    used 14247K, committed 14592K, reserved 1048576K
}
Event: 41.122 GC heap after
{Heap after GC invocations=46 (full 0):
 garbage-first heap   total 225280K, used 134141K [0x0000000080000000, 0x0000000100000000)
  region size 1024K, 2 young (2048K), 2 survivors (2048K)
 Metaspace       used 106810K, committed 107520K, reserved 1146880K
  class space    used 14247K, committed 14592K, reserved 1048576K
}
Event: 41.413 GC heap before
{Heap before GC invocations=47 (full 0):
 garbage-first heap   total 229376K, used 183896K [0x0000000080000000, 0x0000000100000000)
  region size 1024K, 50 young (51200K), 2 survivors (2048K)
 Metaspace       used 112378K, committed 113152K, reserved 1146880K
  class space    used 15134K, committed 15488K, reserved 1048576K
}
Event: 41.416 GC heap after
{Heap after GC invocations=48 (full 0):
 garbage-first heap   total 229376K, used 140804K [0x0000000080000000, 0x0000000100000000)
  region size 1024K, 7 young (7168K), 7 survivors (7168K)
 Metaspace       used 112378K, committed 113152K, reserved 1146880K
  class space    used 15134K, committed 15488K, reserved 1048576K
}
Event: 41.422 GC heap before
{Heap before GC invocations=48 (full 0):
 garbage-first heap   total 229376K, used 144900K [0x0000000080000000, 0x0000000100000000)
  region size 1024K, 11 young (11264K), 7 survivors (7168K)
 Metaspace       used 112497K, committed 113280K, reserved 1146880K
  class space    used 15161K, committed 15552K, reserved 1048576K
}
Event: 41.428 GC heap after
{Heap after GC invocations=49 (full 0):
 garbage-first heap   total 229376K, used 124987K [0x0000000080000000, 0x0000000100000000)
  region size 1024K, 2 young (2048K), 2 survivors (2048K)
 Metaspace       used 112497K, committed 113280K, reserved 1146880K
  class space    used 15161K, committed 15552K, reserved 1048576K
}
Event: 41.453 GC heap before
{Heap before GC invocations=49 (full 0):
 garbage-first heap   total 229376K, used 133179K [0x0000000080000000, 0x0000000100000000)
  region size 1024K, 11 young (11264K), 2 survivors (2048K)
 Metaspace       used 113224K, committed 113984K, reserved 1155072K
  class space    used 15322K, committed 15680K, reserved 1048576K
}
Event: 41.455 GC heap after
{Heap after GC invocations=50 (full 0):
 garbage-first heap   total 275456K, used 126756K [0x0000000080000000, 0x0000000100000000)
  region size 1024K, 2 young (2048K), 2 survivors (2048K)
 Metaspace       used 113224K, committed 113984K, reserved 1155072K
  class space    used 15322K, committed 15680K, reserved 1048576K
}
Event: 41.787 GC heap before
{Heap before GC invocations=50 (full 0):
 garbage-first heap   total 275456K, used 203556K [0x0000000080000000, 0x0000000100000000)
  region size 1024K, 78 young (79872K), 2 survivors (2048K)
 Metaspace       used 123395K, committed 124160K, reserved 1163264K
  class space    used 17410K, committed 17792K, reserved 1048576K
}
Event: 41.790 GC heap after
{Heap after GC invocations=51 (full 0):
 garbage-first heap   total 275456K, used 130338K [0x0000000080000000, 0x0000000100000000)
  region size 1024K, 6 young (6144K), 6 survivors (6144K)
 Metaspace       used 123395K, committed 124160K, reserved 1163264K
  class space    used 17410K, committed 17792K, reserved 1048576K
}
Event: 42.182 GC heap before
{Heap before GC invocations=52 (full 0):
 garbage-first heap   total 275456K, used 207138K [0x0000000080000000, 0x0000000100000000)
  region size 1024K, 84 young (86016K), 6 survivors (6144K)
 Metaspace       used 129794K, committed 130688K, reserved 1163264K
  class space    used 18690K, committed 19072K, reserved 1048576K
}
Event: 42.186 GC heap after
{Heap after GC invocations=53 (full 0):
 garbage-first heap   total 275456K, used 131645K [0x0000000080000000, 0x0000000100000000)
  region size 1024K, 10 young (10240K), 10 survivors (10240K)
 Metaspace       used 129794K, committed 130688K, reserved 1163264K
  class space    used 18690K, committed 19072K, reserved 1048576K
}
Event: 42.193 GC heap before
{Heap before GC invocations=53 (full 0):
 garbage-first heap   total 275456K, used 134717K [0x0000000080000000, 0x0000000100000000)
  region size 1024K, 13 young (13312K), 10 survivors (10240K)
 Metaspace       used 129946K, committed 130816K, reserved 1163264K
  class space    used 18745K, committed 19136K, reserved 1048576K
}
Event: 42.200 GC heap after
{Heap after GC invocations=54 (full 0):
 garbage-first heap   total 275456K, used 126561K [0x0000000080000000, 0x0000000100000000)
  region size 1024K, 2 young (2048K), 2 survivors (2048K)
 Metaspace       used 129946K, committed 130816K, reserved 1163264K
  class space    used 18745K, committed 19136K, reserved 1048576K
}
Event: 42.265 GC heap before
{Heap before GC invocations=54 (full 0):
 garbage-first heap   total 275456K, used 146017K [0x0000000080000000, 0x0000000100000000)
  region size 1024K, 23 young (23552K), 2 survivors (2048K)
 Metaspace       used 130317K, committed 131200K, reserved 1163264K
  class space    used 18773K, committed 19200K, reserved 1048576K
}
Event: 42.268 GC heap after
{Heap after GC invocations=55 (full 0):
 garbage-first heap   total 275456K, used 131676K [0x0000000080000000, 0x0000000100000000)
  region size 1024K, 7 young (7168K), 7 survivors (7168K)
 Metaspace       used 130317K, committed 131200K, reserved 1163264K
  class space    used 18773K, committed 19200K, reserved 1048576K
}

Dll operation events (2 events):
Event: 0.005 Loaded shared library C:\Program Files\Android\Android Studio\jbr\bin\java.dll
Event: 0.200 Loaded shared library C:\Program Files\Android\Android Studio\jbr\bin\verify.dll

Deoptimization events (20 events):
Event: 42.592 Thread 0x000001888070f530 DEOPT PACKING pc=0x00000188e7d36bcc sp=0x0000004ad34feee0
Event: 42.592 Thread 0x000001888070f530 DEOPT UNPACKING pc=0x00000188ee6c7143 sp=0x0000004ad34fe4e0 mode 0
Event: 71.549 Thread 0x00000188822eb030 Uncommon trap: trap_request=0xffffffc6 fr.pc=0x00000188ef0fe9e4 relative=0x0000000000000784
Event: 71.549 Thread 0x00000188822eb030 Uncommon trap: reason=bimorphic_or_optimized_type_check action=maybe_recompile pc=0x00000188ef0fe9e4 method=java.util.stream.MatchOps$MatchOp.evaluateSequential(Ljava/util/stream/PipelineHelper;Ljava/util/Spliterator;)Ljava/lang/Boolean; @ 14 c2
Event: 71.549 Thread 0x00000188822eb030 DEOPT PACKING pc=0x00000188ef0fe9e4 sp=0x0000004ad37fb940
Event: 71.549 Thread 0x00000188822eb030 DEOPT UNPACKING pc=0x00000188ee6c69a3 sp=0x0000004ad37fb878 mode 2
Event: 71.549 Thread 0x00000188822eb030 Uncommon trap: trap_request=0xffffffbe fr.pc=0x00000188ef79eb34 relative=0x0000000000000554
Event: 71.549 Thread 0x00000188822eb030 Uncommon trap: reason=profile_predicate action=maybe_recompile pc=0x00000188ef79eb34 method=java.util.stream.ReferencePipeline$7$1.accept(Ljava/lang/Object;)V @ 73 c2
Event: 71.549 Thread 0x00000188822eb030 DEOPT PACKING pc=0x00000188ef79eb34 sp=0x0000004ad37fb760
Event: 71.549 Thread 0x00000188822eb030 DEOPT UNPACKING pc=0x00000188ee6c69a3 sp=0x0000004ad37fb708 mode 2
Event: 71.549 Thread 0x00000188822eb030 Uncommon trap: trap_request=0xffffffbe fr.pc=0x00000188ef79eb34 relative=0x0000000000000554
Event: 71.549 Thread 0x00000188822eb030 Uncommon trap: reason=profile_predicate action=maybe_recompile pc=0x00000188ef79eb34 method=java.util.stream.ReferencePipeline$7$1.accept(Ljava/lang/Object;)V @ 73 c2
Event: 71.549 Thread 0x00000188822eb030 DEOPT PACKING pc=0x00000188ef79eb34 sp=0x0000004ad37fb480
Event: 71.549 Thread 0x00000188822eb030 DEOPT UNPACKING pc=0x00000188ee6c69a3 sp=0x0000004ad37fb428 mode 2
Event: 71.549 Thread 0x00000188822eb030 Uncommon trap: trap_request=0xffffffbe fr.pc=0x00000188ef79eb34 relative=0x0000000000000554
Event: 71.549 Thread 0x00000188822eb030 Uncommon trap: reason=profile_predicate action=maybe_recompile pc=0x00000188ef79eb34 method=java.util.stream.ReferencePipeline$7$1.accept(Ljava/lang/Object;)V @ 73 c2
Event: 71.549 Thread 0x00000188822eb030 DEOPT PACKING pc=0x00000188ef79eb34 sp=0x0000004ad37fb1a0
Event: 71.549 Thread 0x00000188822eb030 DEOPT UNPACKING pc=0x00000188ee6c69a3 sp=0x0000004ad37fb148 mode 2
Event: 71.570 Thread 0x00000188822eb030 DEOPT PACKING pc=0x00000188e78e0059 sp=0x0000004ad37f9960
Event: 71.570 Thread 0x00000188822eb030 DEOPT UNPACKING pc=0x00000188ee6c7143 sp=0x0000004ad37f8e50 mode 0

Classes unloaded (20 events):
Event: 42.309 Thread 0x00000188fe61e890 Unloading class 0x0000000100fde800 'java/lang/invoke/LambdaForm$DMH+0x0000000100fde800'
Event: 42.309 Thread 0x00000188fe61e890 Unloading class 0x0000000100fdd800 'java/lang/invoke/LambdaForm$DMH+0x0000000100fdd800'
Event: 42.309 Thread 0x00000188fe61e890 Unloading class 0x0000000100fdcc00 'java/lang/invoke/LambdaForm$DMH+0x0000000100fdcc00'
Event: 42.309 Thread 0x00000188fe61e890 Unloading class 0x0000000100fdd400 'java/lang/invoke/LambdaForm$DMH+0x0000000100fdd400'
Event: 42.309 Thread 0x00000188fe61e890 Unloading class 0x0000000100fddc00 'java/lang/invoke/LambdaForm$DMH+0x0000000100fddc00'
Event: 42.309 Thread 0x00000188fe61e890 Unloading class 0x0000000100fdd000 'java/lang/invoke/LambdaForm$DMH+0x0000000100fdd000'
Event: 42.309 Thread 0x00000188fe61e890 Unloading class 0x0000000100fdc800 'java/lang/invoke/LambdaForm$DMH+0x0000000100fdc800'
Event: 42.309 Thread 0x00000188fe61e890 Unloading class 0x0000000100fdc000 'java/lang/invoke/LambdaForm$DMH+0x0000000100fdc000'
Event: 42.309 Thread 0x00000188fe61e890 Unloading class 0x0000000100f6dc00 'java/lang/invoke/LambdaForm$DMH+0x0000000100f6dc00'
Event: 42.309 Thread 0x00000188fe61e890 Unloading class 0x0000000100f6ec00 'java/lang/invoke/LambdaForm$DMH+0x0000000100f6ec00'
Event: 42.309 Thread 0x00000188fe61e890 Unloading class 0x0000000100f6f000 'java/lang/invoke/LambdaForm$DMH+0x0000000100f6f000'
Event: 42.309 Thread 0x00000188fe61e890 Unloading class 0x0000000100f6e400 'java/lang/invoke/LambdaForm$DMH+0x0000000100f6e400'
Event: 42.309 Thread 0x00000188fe61e890 Unloading class 0x0000000100f6e000 'java/lang/invoke/LambdaForm$DMH+0x0000000100f6e000'
Event: 42.309 Thread 0x00000188fe61e890 Unloading class 0x0000000100f6cc00 'java/lang/invoke/LambdaForm$DMH+0x0000000100f6cc00'
Event: 42.309 Thread 0x00000188fe61e890 Unloading class 0x0000000100f6d800 'java/lang/invoke/LambdaForm$DMH+0x0000000100f6d800'
Event: 42.309 Thread 0x00000188fe61e890 Unloading class 0x0000000100f6e800 'java/lang/invoke/LambdaForm$DMH+0x0000000100f6e800'
Event: 42.309 Thread 0x00000188fe61e890 Unloading class 0x0000000100f6d000 'java/lang/invoke/LambdaForm$DMH+0x0000000100f6d000'
Event: 42.309 Thread 0x00000188fe61e890 Unloading class 0x0000000100f6c400 'java/lang/invoke/LambdaForm$DMH+0x0000000100f6c400'
Event: 42.309 Thread 0x00000188fe61e890 Unloading class 0x0000000100f6c800 'java/lang/invoke/LambdaForm$DMH+0x0000000100f6c800'
Event: 42.309 Thread 0x00000188fe61e890 Unloading class 0x0000000100f6d400 'java/lang/invoke/LambdaForm$DMH+0x0000000100f6d400'

Classes redefined (0 events):
No events

Internal exceptions (20 events):
Event: 42.174 Thread 0x0000018882ea3ce0 Exception <a 'java/lang/NoSuchMethodError'{0x000000008c3bc810}: 'long java.lang.invoke.DirectMethodHandle$Holder.invokeStatic(java.lang.Object, java.lang.Object, java.lang.Object)'> (0x000000008c3bc810) 
thrown [s\src\hotspot\share\interpreter\linkResolver.cpp, line 771]
Event: 42.177 Thread 0x0000018882ea3ce0 Exception <a 'sun/nio/fs/WindowsException'{0x000000008c1a34e0}> (0x000000008c1a34e0) 
thrown [s\src\hotspot\share\prims\jni.cpp, line 517]
Event: 42.209 Thread 0x0000018882ea41b0 Exception <a 'sun/nio/fs/WindowsException'{0x0000000090772fb8}> (0x0000000090772fb8) 
thrown [s\src\hotspot\share\prims\jni.cpp, line 517]
Event: 42.210 Thread 0x0000018882ea5e90 Exception <a 'sun/nio/fs/WindowsException'{0x00000000907220b8}> (0x00000000907220b8) 
thrown [s\src\hotspot\share\prims\jni.cpp, line 517]
Event: 42.213 Thread 0x0000018882ea76a0 Exception <a 'sun/nio/fs/WindowsException'{0x00000000906328d8}> (0x00000000906328d8) 
thrown [s\src\hotspot\share\prims\jni.cpp, line 517]
Event: 42.214 Thread 0x0000018882ea71d0 Exception <a 'sun/nio/fs/WindowsException'{0x00000000904c0e40}> (0x00000000904c0e40) 
thrown [s\src\hotspot\share\prims\jni.cpp, line 517]
Event: 42.221 Thread 0x0000018882ea4680 Exception <a 'sun/nio/fs/WindowsException'{0x0000000090190800}> (0x0000000090190800) 
thrown [s\src\hotspot\share\prims\jni.cpp, line 517]
Event: 42.285 Thread 0x0000018882e9baf0 Exception <a 'sun/nio/fs/WindowsException'{0x0000000090bf8798}> (0x0000000090bf8798) 
thrown [s\src\hotspot\share\prims\jni.cpp, line 517]
Event: 42.370 Thread 0x0000018882ea3340 Exception <a 'sun/nio/fs/WindowsException'{0x0000000090482c20}> (0x0000000090482c20) 
thrown [s\src\hotspot\share\prims\jni.cpp, line 517]
Event: 42.402 Thread 0x0000018882ea3340 Exception <a 'java/lang/NoSuchMethodError'{0x0000000090335638}: 'java.lang.Object java.lang.invoke.DirectMethodHandle$Holder.newInvokeSpecial(java.lang.Object, java.lang.Object, java.lang.Object, java.lang.Object, java.lang.Object, int, java.lang.Object)'> (0x0000000090335638) 
thrown [s\src\hotspot\share\interpreter\linkResolver.cpp, line 771]
Event: 42.402 Thread 0x0000018882ea3340 Exception <a 'java/lang/NoSuchMethodError'{0x000000009033eb58}: 'java.lang.Object java.lang.invoke.Invokers$Holder.linkToTargetMethod(java.lang.Object, java.lang.Object, java.lang.Object, java.lang.Object, int, java.lang.Object, java.lang.Object)'> (0x000000009033eb58) 
thrown [s\src\hotspot\share\interpreter\linkResolver.cpp, line 771]
Event: 42.407 Thread 0x0000018882ea3340 Exception <a 'java/lang/NoSuchMethodError'{0x00000000903ca0f8}: 'java.lang.Object java.lang.invoke.DirectMethodHandle$Holder.newInvokeSpecial(java.lang.Object, java.lang.Object, java.lang.Object, java.lang.Object, java.lang.Object, java.lang.Object, java.lang.Object, int)'> (0x00000000903ca0f8) 
thrown [s\src\hotspot\share\interpreter\linkResolver.cpp, line 771]
Event: 42.407 Thread 0x0000018882ea3340 Exception <a 'java/lang/NoSuchMethodError'{0x00000000903cf6a8}: 'java.lang.Object java.lang.invoke.DirectMethodHandle$Holder.invokeSpecial(java.lang.Object, java.lang.Object, java.lang.Object, java.lang.Object, java.lang.Object, java.lang.Object, java.lang.Object, java.lang.Object, int)'> (0x00000000903cf6a8) 
thrown [s\src\hotspot\share\interpreter\linkResolver.cpp, line 771]
Event: 42.407 Thread 0x0000018882ea3340 Exception <a 'java/lang/NoSuchMethodError'{0x00000000903d43d0}: 'java.lang.Object java.lang.invoke.Invokers$Holder.linkToTargetMethod(java.lang.Object, java.lang.Object, java.lang.Object, java.lang.Object, java.lang.Object, java.lang.Object, int, java.lang.Object)'> (0x00000000903d43d0) 
thrown [s\src\hotspot\share\interpreter\linkResolver.cpp, line 771]
Event: 42.466 Thread 0x0000018882ea3340 Exception <a 'java/lang/NoSuchMethodError'{0x000000008ffce778}: 'java.lang.Object java.lang.invoke.Invokers$Holder.invoke_MT(java.lang.Object, java.lang.Object, java.lang.Object)'> (0x000000008ffce778) 
thrown [s\src\hotspot\share\interpreter\linkResolver.cpp, line 771]
Event: 42.517 Thread 0x0000018882ea3340 Implicit null exception at 0x00000188eefbf3cb to 0x00000188eefbf3f0
Event: 42.546 Thread 0x00000188822eb030 Implicit null exception at 0x00000188ef3e625d to 0x00000188ef3e66ac
Event: 42.547 Thread 0x00000188822eb030 Exception <a 'sun/nio/fs/WindowsException'{0x000000008fa01068}> (0x000000008fa01068) 
thrown [s\src\hotspot\share\prims\jni.cpp, line 517]
Event: 42.547 Thread 0x00000188822eb030 Exception <a 'sun/nio/fs/WindowsException'{0x000000008fa01408}> (0x000000008fa01408) 
thrown [s\src\hotspot\share\prims\jni.cpp, line 517]
Event: 42.547 Thread 0x00000188822eb030 Exception <a 'sun/nio/fs/WindowsException'{0x000000008fa032a0}> (0x000000008fa032a0) 
thrown [s\src\hotspot\share\prims\jni.cpp, line 517]

VM Operations (20 events):
Event: 42.376 Executing VM operation: HandshakeAllThreads
Event: 42.376 Executing VM operation: HandshakeAllThreads done
Event: 42.377 Executing VM operation: HandshakeAllThreads
Event: 42.377 Executing VM operation: HandshakeAllThreads done
Event: 42.403 Executing VM operation: HandshakeAllThreads
Event: 42.404 Executing VM operation: HandshakeAllThreads done
Event: 42.475 Executing VM operation: HandshakeAllThreads
Event: 42.475 Executing VM operation: HandshakeAllThreads done
Event: 43.478 Executing VM operation: Cleanup
Event: 43.478 Executing VM operation: Cleanup done
Event: 51.566 Executing VM operation: Cleanup
Event: 51.566 Executing VM operation: Cleanup done
Event: 53.571 Executing VM operation: Cleanup
Event: 53.571 Executing VM operation: Cleanup done
Event: 61.632 Executing VM operation: Cleanup
Event: 61.632 Executing VM operation: Cleanup done
Event: 63.648 Executing VM operation: Cleanup
Event: 63.648 Executing VM operation: Cleanup done
Event: 68.705 Executing VM operation: Cleanup
Event: 68.705 Executing VM operation: Cleanup done

Events (20 events):
Event: 42.592 Thread 0x00000188872a1d60 Thread exited: 0x00000188872a1d60
Event: 43.446 Thread 0x00000188879e30f0 Thread exited: 0x00000188879e30f0
Event: 43.446 Thread 0x00000188879e3b10 Thread exited: 0x00000188879e3b10
Event: 43.446 Thread 0x00000188879e26d0 Thread exited: 0x00000188879e26d0
Event: 43.447 Thread 0x00000188879dfe50 Thread exited: 0x00000188879dfe50
Event: 43.632 Thread 0x00000188879dea10 Thread exited: 0x00000188879dea10
Event: 48.440 Thread 0x00000188879e4f50 Thread exited: 0x00000188879e4f50
Event: 67.930 Thread 0x000001888580c880 Thread exited: 0x000001888580c880
Event: 71.538 Thread 0x00000188873cd550 Thread added: 0x00000188873cd550
Event: 71.540 Thread 0x00000188835724d0 Thread added: 0x00000188835724d0
Event: 71.545 Thread 0x0000018883591a80 Thread added: 0x0000018883591a80
Event: 71.545 Thread 0x0000018883592dc0 Thread added: 0x0000018883592dc0
Event: 71.545 Thread 0x0000018883591f50 Thread added: 0x0000018883591f50
Event: 71.553 Thread 0x0000018883592420 Thread added: 0x0000018883592420
Event: 71.554 Thread 0x0000018888ca1090 Thread added: 0x0000018888ca1090
Event: 71.556 Thread 0x0000018888c9e540 Thread added: 0x0000018888c9e540
Event: 71.556 Thread 0x0000018888c9f3b0 Thread added: 0x0000018888c9f3b0
Event: 71.558 Thread 0x00000188879e26d0 Thread added: 0x00000188879e26d0
Event: 71.565 Thread 0x000001888b99df60 Thread added: 0x000001888b99df60
Event: 71.581 Thread 0x00000188873cd080 Thread added: 0x00000188873cd080


Dynamic libraries:
0x00007ff6cc6a0000 - 0x00007ff6cc6aa000 	C:\Program Files\Android\Android Studio\jbr\bin\java.exe
0x00007ffde6010000 - 0x00007ffde6224000 	C:\WINDOWS\SYSTEM32\ntdll.dll
0x00007ffde5590000 - 0x00007ffde5652000 	C:\WINDOWS\System32\KERNEL32.DLL
0x00007ffde38d0000 - 0x00007ffde3c73000 	C:\WINDOWS\System32\KERNELBASE.dll
0x00007ffde3640000 - 0x00007ffde3751000 	C:\WINDOWS\System32\ucrtbase.dll
0x00007ffddc280000 - 0x00007ffddc29b000 	C:\Program Files\Android\Android Studio\jbr\bin\VCRUNTIME140.dll
0x00007ffddccf0000 - 0x00007ffddcd07000 	C:\Program Files\Android\Android Studio\jbr\bin\jli.dll
0x00007ffde4510000 - 0x00007ffde46bb000 	C:\WINDOWS\System32\USER32.dll
0x00007ffde3dc0000 - 0x00007ffde3de6000 	C:\WINDOWS\System32\win32u.dll
0x00007ffde49c0000 - 0x00007ffde49e9000 	C:\WINDOWS\System32\GDI32.dll
0x00007ffdcce40000 - 0x00007ffdcd0ce000 	C:\WINDOWS\WinSxS\amd64_microsoft.windows.common-controls_6595b64144ccf1df_6.0.22621.1635_none_270f70857386168e\COMCTL32.dll
0x00007ffde3480000 - 0x00007ffde3599000 	C:\WINDOWS\System32\gdi32full.dll
0x00007ffde51f0000 - 0x00007ffde5297000 	C:\WINDOWS\System32\msvcrt.dll
0x00007ffde35a0000 - 0x00007ffde363a000 	C:\WINDOWS\System32\msvcp_win.dll
0x00007ffde5350000 - 0x00007ffde5381000 	C:\WINDOWS\System32\IMM32.DLL
0x00007ffddf330000 - 0x00007ffddf33c000 	C:\Program Files\Android\Android Studio\jbr\bin\vcruntime140_1.dll
0x00007ffdd2110000 - 0x00007ffdd219d000 	C:\Program Files\Android\Android Studio\jbr\bin\msvcp140.dll
0x00007ffd555a0000 - 0x00007ffd5620d000 	C:\Program Files\Android\Android Studio\jbr\bin\server\jvm.dll
0x00007ffde52a0000 - 0x00007ffde534e000 	C:\WINDOWS\System32\ADVAPI32.dll
0x00007ffde3f70000 - 0x00007ffde4014000 	C:\WINDOWS\System32\sechost.dll
0x00007ffde48a0000 - 0x00007ffde49b7000 	C:\WINDOWS\System32\RPCRT4.dll
0x00007ffdda480000 - 0x00007ffdda48a000 	C:\WINDOWS\SYSTEM32\VERSION.dll
0x00007ffdd99b0000 - 0x00007ffdd99e4000 	C:\WINDOWS\SYSTEM32\WINMM.dll
0x00007ffddd3e0000 - 0x00007ffddd3e9000 	C:\WINDOWS\SYSTEM32\WSOCK32.dll
0x00007ffde5a30000 - 0x00007ffde5aa1000 	C:\WINDOWS\System32\WS2_32.dll
0x00007ffde2500000 - 0x00007ffde2518000 	C:\WINDOWS\SYSTEM32\kernel.appcore.dll
0x00007ffddd4b0000 - 0x00007ffddd4ba000 	C:\Program Files\Android\Android Studio\jbr\bin\jimage.dll
0x00007ffde0800000 - 0x00007ffde0a2e000 	C:\WINDOWS\SYSTEM32\DBGHELP.DLL
0x00007ffde5ac0000 - 0x00007ffde5e49000 	C:\WINDOWS\System32\combase.dll
0x00007ffde5660000 - 0x00007ffde5737000 	C:\WINDOWS\System32\OLEAUT32.dll
0x00007ffdd97d0000 - 0x00007ffdd9802000 	C:\WINDOWS\SYSTEM32\dbgcore.DLL
0x00007ffde3d40000 - 0x00007ffde3dbb000 	C:\WINDOWS\System32\bcryptPrimitives.dll
0x00007ffdcc0c0000 - 0x00007ffdcc0e5000 	C:\Program Files\Android\Android Studio\jbr\bin\java.dll
0x00007ffdd10a0000 - 0x00007ffdd10b8000 	C:\Program Files\Android\Android Studio\jbr\bin\zip.dll
0x00007ffde49f0000 - 0x00007ffde51ea000 	C:\WINDOWS\System32\SHELL32.dll
0x00007ffde1420000 - 0x00007ffde1cee000 	C:\WINDOWS\SYSTEM32\windows.storage.dll
0x00007ffde12e0000 - 0x00007ffde141e000 	C:\WINDOWS\SYSTEM32\wintypes.dll
0x00007ffde5e50000 - 0x00007ffde5f41000 	C:\WINDOWS\System32\SHCORE.dll
0x00007ffde3df0000 - 0x00007ffde3e4e000 	C:\WINDOWS\System32\shlwapi.dll
0x00007ffde3340000 - 0x00007ffde3361000 	C:\WINDOWS\SYSTEM32\profapi.dll
0x00007ffdcec20000 - 0x00007ffdcec39000 	C:\Program Files\Android\Android Studio\jbr\bin\net.dll
0x00007ffddd240000 - 0x00007ffddd377000 	C:\WINDOWS\SYSTEM32\WINHTTP.dll
0x00007ffde29c0000 - 0x00007ffde2a29000 	C:\WINDOWS\system32\mswsock.dll
0x00007ffdcadb0000 - 0x00007ffdcadc6000 	C:\Program Files\Android\Android Studio\jbr\bin\nio.dll
0x00007ffdd5d50000 - 0x00007ffdd5d60000 	C:\Program Files\Android\Android Studio\jbr\bin\verify.dll
0x00007ffdacbd0000 - 0x00007ffdacbf7000 	C:\Users\hungb\.gradle\native\68d5fa5c4cc2d200863cafc0d521ce42e7d3e7ee720ec0a83991735586a16f82\windows-amd64\native-platform.dll
0x00007ffdab300000 - 0x00007ffdab444000 	C:\Users\hungb\.gradle\native\e376f236ea51e6404a007f0833ffe2c6e607c4080706a723a18a27aeea778392\windows-amd64\native-platform-file-events.dll
0x00007ffddc730000 - 0x00007ffddc739000 	C:\Program Files\Android\Android Studio\jbr\bin\management.dll
0x00007ffddbe00000 - 0x00007ffddbe0b000 	C:\Program Files\Android\Android Studio\jbr\bin\management_ext.dll
0x00007ffde5ab0000 - 0x00007ffde5ab8000 	C:\WINDOWS\System32\PSAPI.DLL
0x00007ffde2c20000 - 0x00007ffde2c3b000 	C:\WINDOWS\SYSTEM32\CRYPTSP.dll
0x00007ffde24c0000 - 0x00007ffde24f5000 	C:\WINDOWS\system32\rsaenh.dll
